mode: set
github.com/lamassuiot/lamassuiot/pkg/ca/server/api/service/crypto-engines/hsm.go:22.114,30.16 3 0
github.com/lamassuiot/lamassuiot/pkg/ca/server/api/service/crypto-engines/hsm.go:35.2,37.16 3 0
github.com/lamassuiot/lamassuiot/pkg/ca/server/api/service/crypto-engines/hsm.go:42.2,43.43 2 0
github.com/lamassuiot/lamassuiot/pkg/ca/server/api/service/crypto-engines/hsm.go:54.2,55.16 2 0
github.com/lamassuiot/lamassuiot/pkg/ca/server/api/service/crypto-engines/hsm.go:60.2,63.16 3 0
github.com/lamassuiot/lamassuiot/pkg/ca/server/api/service/crypto-engines/hsm.go:71.2,72.16 2 0
github.com/lamassuiot/lamassuiot/pkg/ca/server/api/service/crypto-engines/hsm.go:80.2,91.8 1 0
github.com/lamassuiot/lamassuiot/pkg/ca/server/api/service/crypto-engines/hsm.go:30.16,33.3 2 0
github.com/lamassuiot/lamassuiot/pkg/ca/server/api/service/crypto-engines/hsm.go:37.16,40.3 2 0
github.com/lamassuiot/lamassuiot/pkg/ca/server/api/service/crypto-engines/hsm.go:43.43,45.17 2 0
github.com/lamassuiot/lamassuiot/pkg/ca/server/api/service/crypto-engines/hsm.go:49.3,49.35 1 0
github.com/lamassuiot/lamassuiot/pkg/ca/server/api/service/crypto-engines/hsm.go:45.17,46.12 1 0
github.com/lamassuiot/lamassuiot/pkg/ca/server/api/service/crypto-engines/hsm.go:49.35,51.4 1 0
github.com/lamassuiot/lamassuiot/pkg/ca/server/api/service/crypto-engines/hsm.go:55.16,58.3 2 0
github.com/lamassuiot/lamassuiot/pkg/ca/server/api/service/crypto-engines/hsm.go:63.16,69.3 1 0
github.com/lamassuiot/lamassuiot/pkg/ca/server/api/service/crypto-engines/hsm.go:72.16,78.3 1 0
github.com/lamassuiot/lamassuiot/pkg/ca/server/api/service/crypto-engines/hsm.go:94.80,96.2 1 0
github.com/lamassuiot/lamassuiot/pkg/ca/server/api/service/crypto-engines/hsm.go:113.94,115.16 2 0
github.com/lamassuiot/lamassuiot/pkg/ca/server/api/service/crypto-engines/hsm.go:120.2,120.20 1 0
github.com/lamassuiot/lamassuiot/pkg/ca/server/api/service/crypto-engines/hsm.go:115.16,118.3 2 0
github.com/lamassuiot/lamassuiot/pkg/ca/server/api/service/crypto-engines/hsm.go:123.109,125.19 2 0
github.com/lamassuiot/lamassuiot/pkg/ca/server/api/service/crypto-engines/hsm.go:133.2,134.16 2 0
github.com/lamassuiot/lamassuiot/pkg/ca/server/api/service/crypto-engines/hsm.go:139.2,139.23 1 0
github.com/lamassuiot/lamassuiot/pkg/ca/server/api/service/crypto-engines/hsm.go:125.19,128.17 3 0
github.com/lamassuiot/lamassuiot/pkg/ca/server/api/service/crypto-engines/hsm.go:128.17,130.4 1 0
github.com/lamassuiot/lamassuiot/pkg/ca/server/api/service/crypto-engines/hsm.go:134.16,137.3 2 0
github.com/lamassuiot/lamassuiot/pkg/ca/server/api/service/crypto-engines/hsm.go:142.120,144.19 2 0
github.com/lamassuiot/lamassuiot/pkg/ca/server/api/service/crypto-engines/hsm.go:152.2,153.16 2 0
github.com/lamassuiot/lamassuiot/pkg/ca/server/api/service/crypto-engines/hsm.go:158.2,158.23 1 0
github.com/lamassuiot/lamassuiot/pkg/ca/server/api/service/crypto-engines/hsm.go:144.19,147.17 3 0
github.com/lamassuiot/lamassuiot/pkg/ca/server/api/service/crypto-engines/hsm.go:147.17,149.4 1 0
github.com/lamassuiot/lamassuiot/pkg/ca/server/api/service/crypto-engines/hsm.go:153.16,156.3 2 0
github.com/lamassuiot/lamassuiot/pkg/ca/server/api/service/crypto-engines/hsm.go:173.69,175.16 2 0
github.com/lamassuiot/lamassuiot/pkg/ca/server/api/service/crypto-engines/hsm.go:179.2,180.12 2 0
github.com/lamassuiot/lamassuiot/pkg/ca/server/api/service/crypto-engines/hsm.go:175.16,177.3 1 0
github.com/lamassuiot/lamassuiot/pkg/utils/tls.go:13.58,15.16 2 0
github.com/lamassuiot/lamassuiot/pkg/utils/tls.go:18.2,20.24 3 0
github.com/lamassuiot/lamassuiot/pkg/utils/tls.go:15.16,17.3 1 0
github.com/lamassuiot/lamassuiot/pkg/ca/server/api/service/service.go:62.136,69.2 1 1
github.com/lamassuiot/lamassuiot/pkg/ca/server/api/service/service.go:71.68,73.2 1 0
github.com/lamassuiot/lamassuiot/pkg/ca/server/api/service/service.go:75.35,77.2 1 0
github.com/lamassuiot/lamassuiot/pkg/ca/server/api/service/service.go:79.103,88.45 2 1
github.com/lamassuiot/lamassuiot/pkg/ca/server/api/service/service.go:102.2,102.20 1 1
github.com/lamassuiot/lamassuiot/pkg/ca/server/api/service/service.go:88.45,93.18 2 1
github.com/lamassuiot/lamassuiot/pkg/ca/server/api/service/service.go:97.4,98.64 2 1
github.com/lamassuiot/lamassuiot/pkg/ca/server/api/service/service.go:93.18,95.5 1 0
github.com/lamassuiot/lamassuiot/pkg/ca/server/api/service/service.go:105.151,110.6 4 1
github.com/lamassuiot/lamassuiot/pkg/ca/server/api/service/service.go:135.2,135.25 1 1
github.com/lamassuiot/lamassuiot/pkg/ca/server/api/service/service.go:139.2,139.50 1 1
github.com/lamassuiot/lamassuiot/pkg/ca/server/api/service/service.go:110.6,123.17 2 1
github.com/lamassuiot/lamassuiot/pkg/ca/server/api/service/service.go:127.3,127.30 1 1
github.com/lamassuiot/lamassuiot/pkg/ca/server/api/service/service.go:131.3,132.6 2 1
github.com/lamassuiot/lamassuiot/pkg/ca/server/api/service/service.go:123.17,125.4 1 0
github.com/lamassuiot/lamassuiot/pkg/ca/server/api/service/service.go:127.30,128.9 1 1
github.com/lamassuiot/lamassuiot/pkg/ca/server/api/service/service.go:135.25,137.3 1 1
github.com/lamassuiot/lamassuiot/pkg/ca/server/api/service/service.go:142.115,144.16 2 1
github.com/lamassuiot/lamassuiot/pkg/ca/server/api/service/service.go:148.2,148.60 1 1
github.com/lamassuiot/lamassuiot/pkg/ca/server/api/service/service.go:163.2,172.8 3 1
github.com/lamassuiot/lamassuiot/pkg/ca/server/api/service/service.go:144.16,146.3 1 1
github.com/lamassuiot/lamassuiot/pkg/ca/server/api/service/service.go:148.60,149.71 1 1
github.com/lamassuiot/lamassuiot/pkg/ca/server/api/service/service.go:149.71,155.18 2 1
github.com/lamassuiot/lamassuiot/pkg/ca/server/api/service/service.go:159.4,159.37 1 1
github.com/lamassuiot/lamassuiot/pkg/ca/server/api/service/service.go:155.18,158.5 2 0
github.com/lamassuiot/lamassuiot/pkg/ca/server/api/service/service.go:175.100,178.49 2 1
github.com/lamassuiot/lamassuiot/pkg/ca/server/api/service/service.go:182.2,183.16 2 1
github.com/lamassuiot/lamassuiot/pkg/ca/server/api/service/service.go:187.2,187.25 1 1
github.com/lamassuiot/lamassuiot/pkg/ca/server/api/service/service.go:211.2,216.21 2 1
github.com/lamassuiot/lamassuiot/pkg/ca/server/api/service/service.go:178.49,180.3 1 1
github.com/lamassuiot/lamassuiot/pkg/ca/server/api/service/service.go:183.16,185.3 1 0
github.com/lamassuiot/lamassuiot/pkg/ca/server/api/service/service.go:187.25,188.61 1 1
github.com/lamassuiot/lamassuiot/pkg/ca/server/api/service/service.go:203.3,208.4 2 1
github.com/lamassuiot/lamassuiot/pkg/ca/server/api/service/service.go:188.61,189.72 1 1
github.com/lamassuiot/lamassuiot/pkg/ca/server/api/service/service.go:189.72,195.19 2 1
github.com/lamassuiot/lamassuiot/pkg/ca/server/api/service/service.go:199.5,199.42 1 1
github.com/lamassuiot/lamassuiot/pkg/ca/server/api/service/service.go:195.19,197.14 2 0
github.com/lamassuiot/lamassuiot/pkg/ca/server/api/service/service.go:220.106,230.16 5 1
github.com/lamassuiot/lamassuiot/pkg/ca/server/api/service/service.go:245.2,245.55 1 1
github.com/lamassuiot/lamassuiot/pkg/ca/server/api/service/service.go:273.2,295.55 4 1
github.com/lamassuiot/lamassuiot/pkg/ca/server/api/service/service.go:311.2,312.16 2 1
github.com/lamassuiot/lamassuiot/pkg/ca/server/api/service/service.go:317.2,318.16 2 1
github.com/lamassuiot/lamassuiot/pkg/ca/server/api/service/service.go:323.2,324.16 2 1
github.com/lamassuiot/lamassuiot/pkg/ca/server/api/service/service.go:329.2,338.8 3 1
github.com/lamassuiot/lamassuiot/pkg/ca/server/api/service/service.go:230.16,231.21 1 1
github.com/lamassuiot/lamassuiot/pkg/ca/server/api/service/service.go:232.40,234.9 1 1
github.com/lamassuiot/lamassuiot/pkg/ca/server/api/service/service.go:235.11,236.37 1 0
github.com/lamassuiot/lamassuiot/pkg/ca/server/api/service/service.go:238.8,243.3 1 1
github.com/lamassuiot/lamassuiot/pkg/ca/server/api/service/service.go:245.55,247.17 2 1
github.com/lamassuiot/lamassuiot/pkg/ca/server/api/service/service.go:247.17,250.4 2 0
github.com/lamassuiot/lamassuiot/pkg/ca/server/api/service/service.go:252.8,254.36 2 0
github.com/lamassuiot/lamassuiot/pkg/ca/server/api/service/service.go:266.3,267.17 2 0
github.com/lamassuiot/lamassuiot/pkg/ca/server/api/service/service.go:255.12,256.27 1 0
github.com/lamassuiot/lamassuiot/pkg/ca/server/api/service/service.go:257.12,258.27 1 0
github.com/lamassuiot/lamassuiot/pkg/ca/server/api/service/service.go:259.12,260.27 1 0
github.com/lamassuiot/lamassuiot/pkg/ca/server/api/service/service.go:261.12,262.27 1 0
github.com/lamassuiot/lamassuiot/pkg/ca/server/api/service/service.go:263.11,264.81 1 0
github.com/lamassuiot/lamassuiot/pkg/ca/server/api/service/service.go:267.17,270.4 2 0
github.com/lamassuiot/lamassuiot/pkg/ca/server/api/service/service.go:295.55,298.17 3 1
github.com/lamassuiot/lamassuiot/pkg/ca/server/api/service/service.go:298.17,301.4 2 0
github.com/lamassuiot/lamassuiot/pkg/ca/server/api/service/service.go:302.8,305.17 3 0
github.com/lamassuiot/lamassuiot/pkg/ca/server/api/service/service.go:305.17,308.4 2 0
github.com/lamassuiot/lamassuiot/pkg/ca/server/api/service/service.go:312.16,315.3 2 0
github.com/lamassuiot/lamassuiot/pkg/ca/server/api/service/service.go:318.16,321.3 2 0
github.com/lamassuiot/lamassuiot/pkg/ca/server/api/service/service.go:324.16,327.3 2 0
github.com/lamassuiot/lamassuiot/pkg/ca/server/api/service/service.go:345.124,346.22 1 1
github.com/lamassuiot/lamassuiot/pkg/ca/server/api/service/service.go:356.2,363.8 2 1
github.com/lamassuiot/lamassuiot/pkg/ca/server/api/service/service.go:347.25,351.5 1 0
github.com/lamassuiot/lamassuiot/pkg/ca/server/api/service/service.go:352.10,353.92 1 1
github.com/lamassuiot/lamassuiot/pkg/ca/server/api/service/service.go:366.106,372.43 2 1
github.com/lamassuiot/lamassuiot/pkg/ca/server/api/service/service.go:376.2,376.16 1 1
github.com/lamassuiot/lamassuiot/pkg/ca/server/api/service/service.go:380.2,381.16 2 1
github.com/lamassuiot/lamassuiot/pkg/ca/server/api/service/service.go:385.2,388.43 1 1
github.com/lamassuiot/lamassuiot/pkg/ca/server/api/service/service.go:401.2,407.8 2 1
github.com/lamassuiot/lamassuiot/pkg/ca/server/api/service/service.go:372.43,374.3 1 0
github.com/lamassuiot/lamassuiot/pkg/ca/server/api/service/service.go:376.16,378.3 1 1
github.com/lamassuiot/lamassuiot/pkg/ca/server/api/service/service.go:381.16,383.3 1 0
github.com/lamassuiot/lamassuiot/pkg/ca/server/api/service/service.go:388.43,395.18 2 1
github.com/lamassuiot/lamassuiot/pkg/ca/server/api/service/service.go:395.18,397.5 1 0
github.com/lamassuiot/lamassuiot/pkg/ca/server/api/service/service.go:410.127,413.49 2 1
github.com/lamassuiot/lamassuiot/pkg/ca/server/api/service/service.go:417.2,418.16 2 1
github.com/lamassuiot/lamassuiot/pkg/ca/server/api/service/service.go:422.2,423.16 2 1
github.com/lamassuiot/lamassuiot/pkg/ca/server/api/service/service.go:427.2,427.33 1 1
github.com/lamassuiot/lamassuiot/pkg/ca/server/api/service/service.go:452.2,457.21 2 1
github.com/lamassuiot/lamassuiot/pkg/ca/server/api/service/service.go:413.49,415.3 1 1
github.com/lamassuiot/lamassuiot/pkg/ca/server/api/service/service.go:418.16,420.3 1 1
github.com/lamassuiot/lamassuiot/pkg/ca/server/api/service/service.go:423.16,425.3 1 0
github.com/lamassuiot/lamassuiot/pkg/ca/server/api/service/service.go:427.33,428.48 1 1
github.com/lamassuiot/lamassuiot/pkg/ca/server/api/service/service.go:444.3,449.4 2 1
github.com/lamassuiot/lamassuiot/pkg/ca/server/api/service/service.go:428.48,429.70 1 1
github.com/lamassuiot/lamassuiot/pkg/ca/server/api/service/service.go:429.70,436.19 2 1
github.com/lamassuiot/lamassuiot/pkg/ca/server/api/service/service.go:440.5,440.58 1 1
github.com/lamassuiot/lamassuiot/pkg/ca/server/api/service/service.go:436.19,439.6 2 0
github.com/lamassuiot/lamassuiot/pkg/ca/server/api/service/service.go:460.166,462.16 2 1
github.com/lamassuiot/lamassuiot/pkg/ca/server/api/service/service.go:466.2,466.57 1 1
github.com/lamassuiot/lamassuiot/pkg/ca/server/api/service/service.go:482.2,491.8 3 1
github.com/lamassuiot/lamassuiot/pkg/ca/server/api/service/service.go:462.16,464.3 1 1
github.com/lamassuiot/lamassuiot/pkg/ca/server/api/service/service.go:466.57,467.89 1 1
github.com/lamassuiot/lamassuiot/pkg/ca/server/api/service/service.go:467.89,474.18 2 1
github.com/lamassuiot/lamassuiot/pkg/ca/server/api/service/service.go:478.4,478.53 1 1
github.com/lamassuiot/lamassuiot/pkg/ca/server/api/service/service.go:474.18,477.5 2 0
github.com/lamassuiot/lamassuiot/pkg/ca/server/api/service/service.go:494.151,495.22 1 1
github.com/lamassuiot/lamassuiot/pkg/ca/server/api/service/service.go:506.2,514.8 2 1
github.com/lamassuiot/lamassuiot/pkg/ca/server/api/service/service.go:496.25,501.5 1 0
github.com/lamassuiot/lamassuiot/pkg/ca/server/api/service/service.go:502.10,503.132 1 1
github.com/lamassuiot/lamassuiot/pkg/ca/server/api/service/service.go:517.133,523.16 2 1
github.com/lamassuiot/lamassuiot/pkg/ca/server/api/service/service.go:527.2,527.51 1 1
github.com/lamassuiot/lamassuiot/pkg/ca/server/api/service/service.go:531.2,531.16 1 1
github.com/lamassuiot/lamassuiot/pkg/ca/server/api/service/service.go:535.2,536.16 2 1
github.com/lamassuiot/lamassuiot/pkg/ca/server/api/service/service.go:540.2,548.8 2 1
github.com/lamassuiot/lamassuiot/pkg/ca/server/api/service/service.go:523.16,525.3 1 1
github.com/lamassuiot/lamassuiot/pkg/ca/server/api/service/service.go:527.51,529.3 1 0
github.com/lamassuiot/lamassuiot/pkg/ca/server/api/service/service.go:531.16,533.3 1 0
github.com/lamassuiot/lamassuiot/pkg/ca/server/api/service/service.go:536.16,538.3 1 0
github.com/lamassuiot/lamassuiot/pkg/ca/server/api/service/service.go:551.148,556.16 2 1
github.com/lamassuiot/lamassuiot/pkg/ca/server/api/service/service.go:561.2,561.82 1 1
github.com/lamassuiot/lamassuiot/pkg/ca/server/api/service/service.go:565.2,566.16 2 1
github.com/lamassuiot/lamassuiot/pkg/ca/server/api/service/service.go:571.2,572.24 2 1
github.com/lamassuiot/lamassuiot/pkg/ca/server/api/service/service.go:580.2,601.16 5 1
github.com/lamassuiot/lamassuiot/pkg/ca/server/api/service/service.go:606.2,607.16 2 1
github.com/lamassuiot/lamassuiot/pkg/ca/server/api/service/service.go:612.2,613.16 2 1
github.com/lamassuiot/lamassuiot/pkg/ca/server/api/service/service.go:618.2,621.8 1 1
github.com/lamassuiot/lamassuiot/pkg/ca/server/api/service/service.go:556.16,559.3 2 1
github.com/lamassuiot/lamassuiot/pkg/ca/server/api/service/service.go:561.82,563.3 1 0
github.com/lamassuiot/lamassuiot/pkg/ca/server/api/service/service.go:566.16,569.3 2 0
github.com/lamassuiot/lamassuiot/pkg/ca/server/api/service/service.go:572.24,574.3 1 1
github.com/lamassuiot/lamassuiot/pkg/ca/server/api/service/service.go:574.8,578.3 1 1
github.com/lamassuiot/lamassuiot/pkg/ca/server/api/service/service.go:601.16,604.3 2 0
github.com/lamassuiot/lamassuiot/pkg/ca/server/api/service/service.go:607.16,610.3 2 0
github.com/lamassuiot/lamassuiot/pkg/ca/server/api/service/service.go:613.16,616.3 2 0
github.com/lamassuiot/lamassuiot/pkg/ca/server/api/service/service.go:625.178,632.6 5 1
github.com/lamassuiot/lamassuiot/pkg/ca/server/api/service/service.go:654.2,654.33 1 1
github.com/lamassuiot/lamassuiot/pkg/ca/server/api/service/service.go:658.2,658.21 1 1
github.com/lamassuiot/lamassuiot/pkg/ca/server/api/service/service.go:632.6,643.17 2 1
github.com/lamassuiot/lamassuiot/pkg/ca/server/api/service/service.go:646.3,646.41 1 1
github.com/lamassuiot/lamassuiot/pkg/ca/server/api/service/service.go:650.3,651.6 2 1
github.com/lamassuiot/lamassuiot/pkg/ca/server/api/service/service.go:643.17,645.4 1 0
github.com/lamassuiot/lamassuiot/pkg/ca/server/api/service/service.go:646.41,647.9 1 1
github.com/lamassuiot/lamassuiot/pkg/ca/server/api/service/service.go:654.33,656.3 1 1
github.com/lamassuiot/lamassuiot/pkg/ca/server/api/service/service.go:661.83,664.13 3 1
github.com/lamassuiot/lamassuiot/pkg/ca/server/api/service/service.go:671.2,672.13 2 1
github.com/lamassuiot/lamassuiot/pkg/ca/server/api/service/service.go:691.2,691.34 1 1
github.com/lamassuiot/lamassuiot/pkg/ca/server/api/service/service.go:665.15,666.55 1 1
github.com/lamassuiot/lamassuiot/pkg/ca/server/api/service/service.go:667.14,668.63 1 0
github.com/lamassuiot/lamassuiot/pkg/ca/server/api/service/service.go:673.15,674.21 1 1
github.com/lamassuiot/lamassuiot/pkg/ca/server/api/service/service.go:681.14,682.21 1 0
github.com/lamassuiot/lamassuiot/pkg/ca/server/api/service/service.go:674.21,676.4 1 1
github.com/lamassuiot/lamassuiot/pkg/ca/server/api/service/service.go:676.9,676.47 1 1
github.com/lamassuiot/lamassuiot/pkg/ca/server/api/service/service.go:676.47,678.4 1 1
github.com/lamassuiot/lamassuiot/pkg/ca/server/api/service/service.go:678.9,680.4 1 1
github.com/lamassuiot/lamassuiot/pkg/ca/server/api/service/service.go:682.21,684.4 1 0
github.com/lamassuiot/lamassuiot/pkg/ca/server/api/service/service.go:684.9,684.44 1 0
github.com/lamassuiot/lamassuiot/pkg/ca/server/api/service/service.go:684.44,686.4 1 0
github.com/lamassuiot/lamassuiot/pkg/ca/server/api/service/service.go:686.9,688.4 1 0
github.com/lamassuiot/lamassuiot/pkg/ca/server/api/endpoint/endpoints.go:30.87,32.2 2 1
github.com/lamassuiot/lamassuiot/pkg/ca/server/api/endpoint/endpoints.go:37.2,38.2 2 1
github.com/lamassuiot/lamassuiot/pkg/ca/server/api/endpoint/endpoints.go:43.2,44.2 2 1
github.com/lamassuiot/lamassuiot/pkg/ca/server/api/endpoint/endpoints.go:49.2,50.2 2 1
github.com/lamassuiot/lamassuiot/pkg/ca/server/api/endpoint/endpoints.go:55.2,56.2 2 1
github.com/lamassuiot/lamassuiot/pkg/ca/server/api/endpoint/endpoints.go:67.2,68.2 2 1
github.com/lamassuiot/lamassuiot/pkg/ca/server/api/endpoint/endpoints.go:73.2,74.2 2 1
github.com/lamassuiot/lamassuiot/pkg/ca/server/api/endpoint/endpoints.go:78.2,79.2 2 1
github.com/lamassuiot/lamassuiot/pkg/ca/server/api/endpoint/endpoints.go:84.2,85.2 2 1
github.com/lamassuiot/lamassuiot/pkg/ca/server/api/endpoint/endpoints.go:90.2,91.2 2 1
github.com/lamassuiot/lamassuiot/pkg/ca/server/api/endpoint/endpoints.go:96.2,108.3 1 1
github.com/lamassuiot/lamassuiot/pkg/ca/server/api/endpoint/endpoints.go:32.2,35.3 2 1
github.com/lamassuiot/lamassuiot/pkg/ca/server/api/endpoint/endpoints.go:38.2,41.3 2 1
github.com/lamassuiot/lamassuiot/pkg/ca/server/api/endpoint/endpoints.go:44.2,47.3 2 1
github.com/lamassuiot/lamassuiot/pkg/ca/server/api/endpoint/endpoints.go:50.2,53.3 2 1
github.com/lamassuiot/lamassuiot/pkg/ca/server/api/endpoint/endpoints.go:56.2,59.3 2 1
github.com/lamassuiot/lamassuiot/pkg/ca/server/api/endpoint/endpoints.go:68.2,71.3 2 1
github.com/lamassuiot/lamassuiot/pkg/ca/server/api/endpoint/endpoints.go:74.2,77.3 2 1
github.com/lamassuiot/lamassuiot/pkg/ca/server/api/endpoint/endpoints.go:79.2,82.3 2 1
github.com/lamassuiot/lamassuiot/pkg/ca/server/api/endpoint/endpoints.go:85.2,88.3 2 1
github.com/lamassuiot/lamassuiot/pkg/ca/server/api/endpoint/endpoints.go:91.2,94.3 2 1
github.com/lamassuiot/lamassuiot/pkg/ca/server/api/endpoint/endpoints.go:111.62,112.90 1 1
github.com/lamassuiot/lamassuiot/pkg/ca/server/api/endpoint/endpoints.go:112.90,115.3 2 0
github.com/lamassuiot/lamassuiot/pkg/ca/server/api/endpoint/endpoints.go:118.60,119.73 1 1
github.com/lamassuiot/lamassuiot/pkg/ca/server/api/endpoint/endpoints.go:123.2,125.33 3 1
github.com/lamassuiot/lamassuiot/pkg/ca/server/api/endpoint/endpoints.go:119.73,121.3 1 0
github.com/lamassuiot/lamassuiot/pkg/ca/server/api/endpoint/endpoints.go:128.61,129.90 1 1
github.com/lamassuiot/lamassuiot/pkg/ca/server/api/endpoint/endpoints.go:129.90,133.17 3 1
github.com/lamassuiot/lamassuiot/pkg/ca/server/api/endpoint/endpoints.go:140.3,141.20 2 1
github.com/lamassuiot/lamassuiot/pkg/ca/server/api/endpoint/endpoints.go:133.17,138.4 2 0
github.com/lamassuiot/lamassuiot/pkg/ca/server/api/endpoint/endpoints.go:145.59,146.71 1 1
github.com/lamassuiot/lamassuiot/pkg/ca/server/api/endpoint/endpoints.go:149.2,151.33 3 1
github.com/lamassuiot/lamassuiot/pkg/ca/server/api/endpoint/endpoints.go:146.71,148.3 1 1
github.com/lamassuiot/lamassuiot/pkg/ca/server/api/endpoint/endpoints.go:154.62,155.90 1 1
github.com/lamassuiot/lamassuiot/pkg/ca/server/api/endpoint/endpoints.go:155.90,159.17 3 1
github.com/lamassuiot/lamassuiot/pkg/ca/server/api/endpoint/endpoints.go:166.3,167.21 2 1
github.com/lamassuiot/lamassuiot/pkg/ca/server/api/endpoint/endpoints.go:159.17,164.4 2 0
github.com/lamassuiot/lamassuiot/pkg/ca/server/api/endpoint/endpoints.go:171.69,172.76 1 1
github.com/lamassuiot/lamassuiot/pkg/ca/server/api/endpoint/endpoints.go:175.2,177.33 3 1
github.com/lamassuiot/lamassuiot/pkg/ca/server/api/endpoint/endpoints.go:172.76,174.3 1 1
github.com/lamassuiot/lamassuiot/pkg/ca/server/api/endpoint/endpoints.go:180.67,181.90 1 1
github.com/lamassuiot/lamassuiot/pkg/ca/server/api/endpoint/endpoints.go:181.90,185.17 3 1
github.com/lamassuiot/lamassuiot/pkg/ca/server/api/endpoint/endpoints.go:192.3,193.21 2 1
github.com/lamassuiot/lamassuiot/pkg/ca/server/api/endpoint/endpoints.go:185.17,190.4 2 0
github.com/lamassuiot/lamassuiot/pkg/ca/server/api/endpoint/endpoints.go:197.63,198.73 1 1
github.com/lamassuiot/lamassuiot/pkg/ca/server/api/endpoint/endpoints.go:224.2,226.33 3 1
github.com/lamassuiot/lamassuiot/pkg/ca/server/api/endpoint/endpoints.go:198.73,201.37 2 1
github.com/lamassuiot/lamassuiot/pkg/ca/server/api/endpoint/endpoints.go:205.3,205.43 1 1
github.com/lamassuiot/lamassuiot/pkg/ca/server/api/endpoint/endpoints.go:211.3,211.44 1 1
github.com/lamassuiot/lamassuiot/pkg/ca/server/api/endpoint/endpoints.go:215.3,215.38 1 1
github.com/lamassuiot/lamassuiot/pkg/ca/server/api/endpoint/endpoints.go:219.3,219.49 1 1
github.com/lamassuiot/lamassuiot/pkg/ca/server/api/endpoint/endpoints.go:201.37,203.4 1 1
github.com/lamassuiot/lamassuiot/pkg/ca/server/api/endpoint/endpoints.go:205.43,206.43 1 1
github.com/lamassuiot/lamassuiot/pkg/ca/server/api/endpoint/endpoints.go:206.43,208.5 1 1
github.com/lamassuiot/lamassuiot/pkg/ca/server/api/endpoint/endpoints.go:211.44,213.4 1 1
github.com/lamassuiot/lamassuiot/pkg/ca/server/api/endpoint/endpoints.go:215.38,217.4 1 1
github.com/lamassuiot/lamassuiot/pkg/ca/server/api/endpoint/endpoints.go:219.49,221.4 1 1
github.com/lamassuiot/lamassuiot/pkg/ca/server/api/endpoint/endpoints.go:229.64,230.90 1 1
github.com/lamassuiot/lamassuiot/pkg/ca/server/api/endpoint/endpoints.go:230.90,234.17 3 1
github.com/lamassuiot/lamassuiot/pkg/ca/server/api/endpoint/endpoints.go:241.3,242.17 2 1
github.com/lamassuiot/lamassuiot/pkg/ca/server/api/endpoint/endpoints.go:234.17,239.4 2 1
github.com/lamassuiot/lamassuiot/pkg/ca/server/api/endpoint/endpoints.go:246.63,247.73 1 1
github.com/lamassuiot/lamassuiot/pkg/ca/server/api/endpoint/endpoints.go:253.2,255.33 3 1
github.com/lamassuiot/lamassuiot/pkg/ca/server/api/endpoint/endpoints.go:247.73,249.35 2 1
github.com/lamassuiot/lamassuiot/pkg/ca/server/api/endpoint/endpoints.go:249.35,251.4 1 1
github.com/lamassuiot/lamassuiot/pkg/ca/server/api/endpoint/endpoints.go:258.64,259.90 1 1
github.com/lamassuiot/lamassuiot/pkg/ca/server/api/endpoint/endpoints.go:259.90,263.17 3 1
github.com/lamassuiot/lamassuiot/pkg/ca/server/api/endpoint/endpoints.go:270.3,271.21 2 1
github.com/lamassuiot/lamassuiot/pkg/ca/server/api/endpoint/endpoints.go:263.17,268.4 2 1
github.com/lamassuiot/lamassuiot/pkg/ca/server/api/endpoint/endpoints.go:301.77,302.80 1 1
github.com/lamassuiot/lamassuiot/pkg/ca/server/api/endpoint/endpoints.go:305.2,307.33 3 1
github.com/lamassuiot/lamassuiot/pkg/ca/server/api/endpoint/endpoints.go:302.80,304.3 1 1
github.com/lamassuiot/lamassuiot/pkg/ca/server/api/endpoint/endpoints.go:310.71,311.90 1 1
github.com/lamassuiot/lamassuiot/pkg/ca/server/api/endpoint/endpoints.go:311.90,315.17 3 1
github.com/lamassuiot/lamassuiot/pkg/ca/server/api/endpoint/endpoints.go:322.3,323.21 2 1
github.com/lamassuiot/lamassuiot/pkg/ca/server/api/endpoint/endpoints.go:315.17,320.4 2 0
github.com/lamassuiot/lamassuiot/pkg/ca/server/api/endpoint/endpoints.go:327.103,328.93 1 1
github.com/lamassuiot/lamassuiot/pkg/ca/server/api/endpoint/endpoints.go:331.2,333.33 3 1
github.com/lamassuiot/lamassuiot/pkg/ca/server/api/endpoint/endpoints.go:328.93,330.3 1 1
github.com/lamassuiot/lamassuiot/pkg/ca/server/api/endpoint/endpoints.go:336.60,337.90 1 1
github.com/lamassuiot/lamassuiot/pkg/ca/server/api/endpoint/endpoints.go:337.90,341.17 3 1
github.com/lamassuiot/lamassuiot/pkg/ca/server/api/endpoint/endpoints.go:348.3,349.21 2 1
github.com/lamassuiot/lamassuiot/pkg/ca/server/api/endpoint/endpoints.go:341.17,346.4 2 0
github.com/lamassuiot/lamassuiot/pkg/ca/server/api/endpoint/endpoints.go:353.91,354.87 1 1
github.com/lamassuiot/lamassuiot/pkg/ca/server/api/endpoint/endpoints.go:360.2,362.33 3 1
github.com/lamassuiot/lamassuiot/pkg/ca/server/api/endpoint/endpoints.go:354.87,356.52 2 1
github.com/lamassuiot/lamassuiot/pkg/ca/server/api/endpoint/endpoints.go:356.52,358.4 1 1
github.com/lamassuiot/lamassuiot/pkg/ca/server/api/endpoint/endpoints.go:365.64,366.90 1 1
github.com/lamassuiot/lamassuiot/pkg/ca/server/api/endpoint/endpoints.go:366.90,370.17 3 1
github.com/lamassuiot/lamassuiot/pkg/ca/server/api/endpoint/endpoints.go:377.3,378.21 2 1
github.com/lamassuiot/lamassuiot/pkg/ca/server/api/endpoint/endpoints.go:370.17,375.4 2 1
github.com/lamassuiot/lamassuiot/pkg/ca/server/api/endpoint/endpoints.go:382.81,383.82 1 1
github.com/lamassuiot/lamassuiot/pkg/ca/server/api/endpoint/endpoints.go:389.2,391.33 3 1
github.com/lamassuiot/lamassuiot/pkg/ca/server/api/endpoint/endpoints.go:383.82,385.35 2 1
github.com/lamassuiot/lamassuiot/pkg/ca/server/api/endpoint/endpoints.go:385.35,387.4 1 1
github.com/lamassuiot/lamassuiot/pkg/ca/server/api/endpoint/endpoints.go:394.66,395.90 1 1
github.com/lamassuiot/lamassuiot/pkg/ca/server/api/endpoint/endpoints.go:395.90,399.17 3 1
github.com/lamassuiot/lamassuiot/pkg/ca/server/api/endpoint/endpoints.go:406.3,407.21 2 1
github.com/lamassuiot/lamassuiot/pkg/ca/server/api/endpoint/endpoints.go:399.17,404.4 2 1
github.com/lamassuiot/lamassuiot/pkg/utils/helpers.go:9.40,10.19 1 1
github.com/lamassuiot/lamassuiot/pkg/utils/helpers.go:13.2,16.25 4 1
github.com/lamassuiot/lamassuiot/pkg/utils/helpers.go:22.2,22.24 1 1
github.com/lamassuiot/lamassuiot/pkg/utils/helpers.go:10.19,12.3 1 1
github.com/lamassuiot/lamassuiot/pkg/utils/helpers.go:16.25,18.29 2 1
github.com/lamassuiot/lamassuiot/pkg/utils/helpers.go:18.29,20.4 1 1
github.com/lamassuiot/lamassuiot/pkg/utils/helpers.go:25.34,27.2 1 1
github.com/lamassuiot/lamassuiot/pkg/utils/common/types/numbers.go:19.55,21.11 2 0
github.com/lamassuiot/lamassuiot/pkg/utils/common/types/numbers.go:22.18,23.18 1 0
github.com/lamassuiot/lamassuiot/pkg/utils/common/types/numbers.go:24.21,25.21 1 0
github.com/lamassuiot/lamassuiot/pkg/utils/common/types/numbers.go:26.21,27.21 1 0
github.com/lamassuiot/lamassuiot/pkg/utils/common/types/numbers.go:28.24,29.24 1 0
github.com/lamassuiot/lamassuiot/pkg/utils/common/types/numbers.go:30.15,31.15 1 0
github.com/lamassuiot/lamassuiot/pkg/utils/common/types/numbers.go:32.18,33.18 1 0
github.com/lamassuiot/lamassuiot/pkg/utils/common/types/numbers.go:34.10,35.15 1 0
github.com/lamassuiot/lamassuiot/pkg/utils/common/types/numbers.go:45.44,47.20 2 0
github.com/lamassuiot/lamassuiot/pkg/utils/common/types/numbers.go:48.16,49.61 1 0
github.com/lamassuiot/lamassuiot/pkg/utils/common/types/numbers.go:50.19,51.61 1 0
github.com/lamassuiot/lamassuiot/pkg/utils/common/types/numbers.go:52.19,53.62 1 0
github.com/lamassuiot/lamassuiot/pkg/utils/common/types/numbers.go:54.22,55.62 1 0
github.com/lamassuiot/lamassuiot/pkg/utils/common/types/numbers.go:56.13,57.61 1 0
github.com/lamassuiot/lamassuiot/pkg/utils/common/types/numbers.go:58.16,59.62 1 0
github.com/lamassuiot/lamassuiot/pkg/utils/common/types/numbers.go:60.10,61.12 1 0
github.com/lamassuiot/lamassuiot/pkg/utils/common/types/numbers.go:65.57,66.20 1 0
github.com/lamassuiot/lamassuiot/pkg/utils/common/types/numbers.go:67.16,68.20 1 0
github.com/lamassuiot/lamassuiot/pkg/utils/common/types/numbers.go:69.19,70.23 1 0
github.com/lamassuiot/lamassuiot/pkg/utils/common/types/numbers.go:71.19,72.23 1 0
github.com/lamassuiot/lamassuiot/pkg/utils/common/types/numbers.go:73.22,74.26 1 0
github.com/lamassuiot/lamassuiot/pkg/utils/common/types/numbers.go:75.13,76.17 1 0
github.com/lamassuiot/lamassuiot/pkg/utils/common/types/numbers.go:77.16,78.20 1 0
github.com/lamassuiot/lamassuiot/pkg/utils/common/types/numbers.go:79.10,80.12 1 0
github.com/lamassuiot/lamassuiot/pkg/utils/common/types/numbers.go:84.50,86.2 1 0
github.com/lamassuiot/lamassuiot/pkg/utils/common/types/numbers.go:88.46,90.2 1 0
github.com/lamassuiot/lamassuiot/pkg/utils/server/filters/db_filters.go:8.83,9.38 1 1
github.com/lamassuiot/lamassuiot/pkg/utils/server/filters/db_filters.go:16.2,16.42 1 1
github.com/lamassuiot/lamassuiot/pkg/utils/server/filters/db_filters.go:22.2,22.42 1 1
github.com/lamassuiot/lamassuiot/pkg/utils/server/filters/db_filters.go:26.2,26.43 1 1
github.com/lamassuiot/lamassuiot/pkg/utils/server/filters/db_filters.go:30.2,30.11 1 1
github.com/lamassuiot/lamassuiot/pkg/utils/server/filters/db_filters.go:9.38,11.45 2 0
github.com/lamassuiot/lamassuiot/pkg/utils/server/filters/db_filters.go:11.45,13.4 1 0
github.com/lamassuiot/lamassuiot/pkg/utils/server/filters/db_filters.go:16.42,17.114 1 1
github.com/lamassuiot/lamassuiot/pkg/utils/server/filters/db_filters.go:17.114,19.4 1 1
github.com/lamassuiot/lamassuiot/pkg/utils/server/filters/db_filters.go:22.42,24.3 1 1
github.com/lamassuiot/lamassuiot/pkg/utils/server/filters/db_filters.go:26.43,28.3 1 1
github.com/lamassuiot/lamassuiot/pkg/utils/crypto.go:14.66,17.16 3 0
github.com/lamassuiot/lamassuiot/pkg/utils/crypto.go:20.2,21.20 2 0
github.com/lamassuiot/lamassuiot/pkg/utils/crypto.go:17.16,19.3 1 0
github.com/lamassuiot/lamassuiot/pkg/utils/crypto.go:24.99,42.16 6 0
github.com/lamassuiot/lamassuiot/pkg/utils/crypto.go:46.2,47.16 2 0
github.com/lamassuiot/lamassuiot/pkg/utils/crypto.go:50.2,50.20 1 0
github.com/lamassuiot/lamassuiot/pkg/utils/crypto.go:42.16,44.3 1 0
github.com/lamassuiot/lamassuiot/pkg/utils/crypto.go:47.16,49.3 1 0
github.com/lamassuiot/lamassuiot/pkg/utils/crypto.go:58.65,59.21 1 0
github.com/lamassuiot/lamassuiot/pkg/utils/crypto.go:62.2,62.62 1 0
github.com/lamassuiot/lamassuiot/pkg/utils/crypto.go:65.2,65.12 1 0
github.com/lamassuiot/lamassuiot/pkg/utils/crypto.go:59.21,61.3 1 0
github.com/lamassuiot/lamassuiot/pkg/utils/crypto.go:62.62,64.3 1 0
github.com/lamassuiot/lamassuiot/pkg/ca/server/api/service/logging_middleware.go:13.54,14.36 1 1
github.com/lamassuiot/lamassuiot/pkg/ca/server/api/service/logging_middleware.go:14.36,19.3 1 1
github.com/lamassuiot/lamassuiot/pkg/ca/server/api/service/logging_middleware.go:27.43,28.30 1 0
github.com/lamassuiot/lamassuiot/pkg/ca/server/api/service/logging_middleware.go:34.2,34.25 1 0
github.com/lamassuiot/lamassuiot/pkg/ca/server/api/service/logging_middleware.go:28.30,33.3 1 0
github.com/lamassuiot/lamassuiot/pkg/ca/server/api/service/logging_middleware.go:37.85,38.30 1 0
github.com/lamassuiot/lamassuiot/pkg/ca/server/api/service/logging_middleware.go:45.2,45.40 1 0
github.com/lamassuiot/lamassuiot/pkg/ca/server/api/service/logging_middleware.go:38.30,44.3 1 0
github.com/lamassuiot/lamassuiot/pkg/ca/server/api/service/logging_middleware.go:48.122,49.30 1 1
github.com/lamassuiot/lamassuiot/pkg/ca/server/api/service/logging_middleware.go:61.2,61.34 1 1
github.com/lamassuiot/lamassuiot/pkg/ca/server/api/service/logging_middleware.go:49.30,54.17 5 1
github.com/lamassuiot/lamassuiot/pkg/ca/server/api/service/logging_middleware.go:59.3,59.27 1 1
github.com/lamassuiot/lamassuiot/pkg/ca/server/api/service/logging_middleware.go:54.17,56.4 1 1
github.com/lamassuiot/lamassuiot/pkg/ca/server/api/service/logging_middleware.go:56.9,58.4 1 0
github.com/lamassuiot/lamassuiot/pkg/ca/server/api/service/logging_middleware.go:64.125,65.30 1 1
github.com/lamassuiot/lamassuiot/pkg/ca/server/api/service/logging_middleware.go:77.2,77.37 1 1
github.com/lamassuiot/lamassuiot/pkg/ca/server/api/service/logging_middleware.go:65.30,70.17 5 1
github.com/lamassuiot/lamassuiot/pkg/ca/server/api/service/logging_middleware.go:75.3,75.27 1 1
github.com/lamassuiot/lamassuiot/pkg/ca/server/api/service/logging_middleware.go:70.17,72.4 1 1
github.com/lamassuiot/lamassuiot/pkg/ca/server/api/service/logging_middleware.go:72.9,74.4 1 1
github.com/lamassuiot/lamassuiot/pkg/ca/server/api/service/logging_middleware.go:80.119,81.30 1 1
github.com/lamassuiot/lamassuiot/pkg/ca/server/api/service/logging_middleware.go:93.2,93.35 1 1
github.com/lamassuiot/lamassuiot/pkg/ca/server/api/service/logging_middleware.go:81.30,86.17 5 1
github.com/lamassuiot/lamassuiot/pkg/ca/server/api/service/logging_middleware.go:91.3,91.27 1 1
github.com/lamassuiot/lamassuiot/pkg/ca/server/api/service/logging_middleware.go:86.17,88.4 1 1
github.com/lamassuiot/lamassuiot/pkg/ca/server/api/service/logging_middleware.go:88.9,90.4 1 0
github.com/lamassuiot/lamassuiot/pkg/ca/server/api/service/logging_middleware.go:96.134,97.30 1 1
github.com/lamassuiot/lamassuiot/pkg/ca/server/api/service/logging_middleware.go:109.2,109.40 1 1
github.com/lamassuiot/lamassuiot/pkg/ca/server/api/service/logging_middleware.go:97.30,102.17 5 1
github.com/lamassuiot/lamassuiot/pkg/ca/server/api/service/logging_middleware.go:107.3,107.27 1 1
github.com/lamassuiot/lamassuiot/pkg/ca/server/api/service/logging_middleware.go:102.17,104.4 1 1
github.com/lamassuiot/lamassuiot/pkg/ca/server/api/service/logging_middleware.go:104.9,106.4 1 1
github.com/lamassuiot/lamassuiot/pkg/ca/server/api/service/logging_middleware.go:112.125,113.30 1 1
github.com/lamassuiot/lamassuiot/pkg/ca/server/api/service/logging_middleware.go:125.2,125.37 1 1
github.com/lamassuiot/lamassuiot/pkg/ca/server/api/service/logging_middleware.go:113.30,118.17 5 1
github.com/lamassuiot/lamassuiot/pkg/ca/server/api/service/logging_middleware.go:123.3,123.27 1 1
github.com/lamassuiot/lamassuiot/pkg/ca/server/api/service/logging_middleware.go:118.17,120.4 1 1
github.com/lamassuiot/lamassuiot/pkg/ca/server/api/service/logging_middleware.go:120.9,122.4 1 1
github.com/lamassuiot/lamassuiot/pkg/ca/server/api/service/logging_middleware.go:128.143,129.30 1 0
github.com/lamassuiot/lamassuiot/pkg/ca/server/api/service/logging_middleware.go:141.2,141.43 1 0
github.com/lamassuiot/lamassuiot/pkg/ca/server/api/service/logging_middleware.go:129.30,134.17 5 0
github.com/lamassuiot/lamassuiot/pkg/ca/server/api/service/logging_middleware.go:139.3,139.27 1 0
github.com/lamassuiot/lamassuiot/pkg/ca/server/api/service/logging_middleware.go:134.17,136.4 1 0
github.com/lamassuiot/lamassuiot/pkg/ca/server/api/service/logging_middleware.go:136.9,138.4 1 0
github.com/lamassuiot/lamassuiot/pkg/ca/server/api/service/logging_middleware.go:144.170,145.30 1 0
github.com/lamassuiot/lamassuiot/pkg/ca/server/api/service/logging_middleware.go:157.2,157.52 1 0
github.com/lamassuiot/lamassuiot/pkg/ca/server/api/service/logging_middleware.go:145.30,150.17 5 0
github.com/lamassuiot/lamassuiot/pkg/ca/server/api/service/logging_middleware.go:155.3,155.27 1 0
github.com/lamassuiot/lamassuiot/pkg/ca/server/api/service/logging_middleware.go:150.17,152.4 1 0
github.com/lamassuiot/lamassuiot/pkg/ca/server/api/service/logging_middleware.go:152.9,154.4 1 0
github.com/lamassuiot/lamassuiot/pkg/ca/server/api/service/logging_middleware.go:159.167,160.30 1 1
github.com/lamassuiot/lamassuiot/pkg/ca/server/api/service/logging_middleware.go:172.2,172.51 1 1
github.com/lamassuiot/lamassuiot/pkg/ca/server/api/service/logging_middleware.go:160.30,165.17 5 1
github.com/lamassuiot/lamassuiot/pkg/ca/server/api/service/logging_middleware.go:170.3,170.27 1 1
github.com/lamassuiot/lamassuiot/pkg/ca/server/api/service/logging_middleware.go:165.17,167.4 1 1
github.com/lamassuiot/lamassuiot/pkg/ca/server/api/service/logging_middleware.go:167.9,169.4 1 1
github.com/lamassuiot/lamassuiot/pkg/ca/server/api/service/logging_middleware.go:175.170,176.30 1 0
github.com/lamassuiot/lamassuiot/pkg/ca/server/api/service/logging_middleware.go:188.2,188.52 1 0
github.com/lamassuiot/lamassuiot/pkg/ca/server/api/service/logging_middleware.go:176.30,181.17 5 0
github.com/lamassuiot/lamassuiot/pkg/ca/server/api/service/logging_middleware.go:186.3,186.27 1 0
github.com/lamassuiot/lamassuiot/pkg/ca/server/api/service/logging_middleware.go:181.17,183.4 1 0
github.com/lamassuiot/lamassuiot/pkg/ca/server/api/service/logging_middleware.go:183.9,185.4 1 0
github.com/lamassuiot/lamassuiot/pkg/ca/server/api/service/logging_middleware.go:191.152,192.30 1 1
github.com/lamassuiot/lamassuiot/pkg/ca/server/api/service/logging_middleware.go:204.2,204.46 1 1
github.com/lamassuiot/lamassuiot/pkg/ca/server/api/service/logging_middleware.go:192.30,197.17 5 1
github.com/lamassuiot/lamassuiot/pkg/ca/server/api/service/logging_middleware.go:202.3,202.27 1 1
github.com/lamassuiot/lamassuiot/pkg/ca/server/api/service/logging_middleware.go:197.17,199.4 1 1
github.com/lamassuiot/lamassuiot/pkg/ca/server/api/service/logging_middleware.go:199.9,201.4 1 1
github.com/lamassuiot/lamassuiot/pkg/ca/server/api/service/logging_middleware.go:207.185,208.30 1 1
github.com/lamassuiot/lamassuiot/pkg/ca/server/api/service/logging_middleware.go:220.2,220.57 1 1
github.com/lamassuiot/lamassuiot/pkg/ca/server/api/service/logging_middleware.go:208.30,213.17 5 1
github.com/lamassuiot/lamassuiot/pkg/ca/server/api/service/logging_middleware.go:218.3,218.27 1 1
github.com/lamassuiot/lamassuiot/pkg/ca/server/api/service/logging_middleware.go:213.17,215.4 1 1
github.com/lamassuiot/lamassuiot/pkg/ca/server/api/service/logging_middleware.go:215.9,217.4 1 1
github.com/lamassuiot/lamassuiot/pkg/ca/server/api/service/logging_middleware.go:223.197,224.30 1 0
github.com/lamassuiot/lamassuiot/pkg/ca/server/api/service/logging_middleware.go:236.2,236.61 1 0
github.com/lamassuiot/lamassuiot/pkg/ca/server/api/service/logging_middleware.go:224.30,229.17 5 0
github.com/lamassuiot/lamassuiot/pkg/ca/server/api/service/logging_middleware.go:234.3,234.27 1 0
github.com/lamassuiot/lamassuiot/pkg/ca/server/api/service/logging_middleware.go:229.17,231.4 1 0
github.com/lamassuiot/lamassuiot/pkg/ca/server/api/service/logging_middleware.go:231.9,233.4 1 0
github.com/lamassuiot/lamassuiot/pkg/ca/server/api/service/logging_middleware.go:239.146,240.30 1 1
github.com/lamassuiot/lamassuiot/pkg/ca/server/api/service/logging_middleware.go:252.2,252.44 1 1
github.com/lamassuiot/lamassuiot/pkg/ca/server/api/service/logging_middleware.go:240.30,245.17 5 1
github.com/lamassuiot/lamassuiot/pkg/ca/server/api/service/logging_middleware.go:250.3,250.27 1 1
github.com/lamassuiot/lamassuiot/pkg/ca/server/api/service/logging_middleware.go:245.17,247.4 1 1
github.com/lamassuiot/lamassuiot/pkg/ca/server/api/service/logging_middleware.go:247.9,249.4 1 1
github.com/lamassuiot/lamassuiot/pkg/utils/server/filters/http_filter.go:15.99,28.29 2 1
github.com/lamassuiot/lamassuiot/pkg/utils/server/filters/http_filter.go:113.2,113.20 1 1
github.com/lamassuiot/lamassuiot/pkg/utils/server/filters/http_filter.go:28.29,30.28 2 1
github.com/lamassuiot/lamassuiot/pkg/utils/server/filters/http_filter.go:30.28,31.13 1 1
github.com/lamassuiot/lamassuiot/pkg/utils/server/filters/http_filter.go:32.18,33.25 1 0
github.com/lamassuiot/lamassuiot/pkg/utils/server/filters/http_filter.go:81.19,84.34 3 1
github.com/lamassuiot/lamassuiot/pkg/utils/server/filters/http_filter.go:88.5,89.37 2 1
github.com/lamassuiot/lamassuiot/pkg/utils/server/filters/http_filter.go:92.5,93.52 2 1
github.com/lamassuiot/lamassuiot/pkg/utils/server/filters/http_filter.go:94.18,97.19 3 1
github.com/lamassuiot/lamassuiot/pkg/utils/server/filters/http_filter.go:100.5,100.46 1 1
github.com/lamassuiot/lamassuiot/pkg/utils/server/filters/http_filter.go:101.17,104.19 3 1
github.com/lamassuiot/lamassuiot/pkg/utils/server/filters/http_filter.go:107.5,107.44 1 1
github.com/lamassuiot/lamassuiot/pkg/utils/server/filters/http_filter.go:108.12,108.12 0 0
github.com/lamassuiot/lamassuiot/pkg/utils/server/filters/http_filter.go:33.25,36.31 3 0
github.com/lamassuiot/lamassuiot/pkg/utils/server/filters/http_filter.go:39.6,41.34 3 0
github.com/lamassuiot/lamassuiot/pkg/utils/server/filters/http_filter.go:44.6,48.19 5 0
github.com/lamassuiot/lamassuiot/pkg/utils/server/filters/http_filter.go:36.31,37.15 1 0
github.com/lamassuiot/lamassuiot/pkg/utils/server/filters/http_filter.go:41.34,42.15 1 0
github.com/lamassuiot/lamassuiot/pkg/utils/server/filters/http_filter.go:48.19,50.44 2 0
github.com/lamassuiot/lamassuiot/pkg/utils/server/filters/http_filter.go:78.7,78.64 1 0
github.com/lamassuiot/lamassuiot/pkg/utils/server/filters/http_filter.go:51.37,56.29 5 0
github.com/lamassuiot/lamassuiot/pkg/utils/server/filters/http_filter.go:57.36,60.22 3 0
github.com/lamassuiot/lamassuiot/pkg/utils/server/filters/http_filter.go:63.8,66.29 4 0
github.com/lamassuiot/lamassuiot/pkg/utils/server/filters/http_filter.go:67.37,70.22 3 0
github.com/lamassuiot/lamassuiot/pkg/utils/server/filters/http_filter.go:73.8,76.29 4 0
github.com/lamassuiot/lamassuiot/pkg/utils/server/filters/http_filter.go:60.22,61.17 1 0
github.com/lamassuiot/lamassuiot/pkg/utils/server/filters/http_filter.go:70.22,71.17 1 0
github.com/lamassuiot/lamassuiot/pkg/utils/server/filters/http_filter.go:84.34,85.14 1 0
github.com/lamassuiot/lamassuiot/pkg/utils/server/filters/http_filter.go:89.37,91.6 1 0
github.com/lamassuiot/lamassuiot/pkg/utils/server/filters/http_filter.go:97.19,98.14 1 0
github.com/lamassuiot/lamassuiot/pkg/utils/server/filters/http_filter.go:104.19,105.14 1 0
github.com/lamassuiot/lamassuiot/pkg/ca/server/api/transport/http.go:35.32,40.2 1 1
github.com/lamassuiot/lamassuiot/pkg/ca/server/api/transport/http.go:41.28,46.2 1 0
github.com/lamassuiot/lamassuiot/pkg/ca/server/api/transport/http.go:47.65,48.70 1 1
github.com/lamassuiot/lamassuiot/pkg/ca/server/api/transport/http.go:48.70,51.25 2 1
github.com/lamassuiot/lamassuiot/pkg/ca/server/api/transport/http.go:57.3,57.71 1 1
github.com/lamassuiot/lamassuiot/pkg/ca/server/api/transport/http.go:51.25,53.4 1 0
github.com/lamassuiot/lamassuiot/pkg/ca/server/api/transport/http.go:53.9,56.4 2 1
github.com/lamassuiot/lamassuiot/pkg/ca/server/api/transport/http.go:61.55,69.2 7 1
github.com/lamassuiot/lamassuiot/pkg/ca/server/api/transport/http.go:71.105,211.2 14 1
github.com/lamassuiot/lamassuiot/pkg/ca/server/api/transport/http.go:213.97,215.2 1 0
github.com/lamassuiot/lamassuiot/pkg/ca/server/api/transport/http.go:217.96,220.30 3 1
github.com/lamassuiot/lamassuiot/pkg/ca/server/api/transport/http.go:227.2,231.19 2 1
github.com/lamassuiot/lamassuiot/pkg/ca/server/api/transport/http.go:220.30,222.17 2 1
github.com/lamassuiot/lamassuiot/pkg/ca/server/api/transport/http.go:222.17,224.4 1 0
github.com/lamassuiot/lamassuiot/pkg/ca/server/api/transport/http.go:234.97,243.2 3 1
github.com/lamassuiot/lamassuiot/pkg/ca/server/api/transport/http.go:245.102,255.2 4 1
github.com/lamassuiot/lamassuiot/pkg/ca/server/api/transport/http.go:257.106,267.2 4 1
github.com/lamassuiot/lamassuiot/pkg/ca/server/api/transport/http.go:269.99,274.16 4 1
github.com/lamassuiot/lamassuiot/pkg/ca/server/api/transport/http.go:278.2,299.19 4 1
github.com/lamassuiot/lamassuiot/pkg/ca/server/api/transport/http.go:274.16,276.3 1 1
github.com/lamassuiot/lamassuiot/pkg/ca/server/api/transport/http.go:317.99,325.16 6 1
github.com/lamassuiot/lamassuiot/pkg/ca/server/api/transport/http.go:329.2,333.8 1 1
github.com/lamassuiot/lamassuiot/pkg/ca/server/api/transport/http.go:325.16,327.3 1 0
github.com/lamassuiot/lamassuiot/pkg/ca/server/api/transport/http.go:336.119,347.2 5 1
github.com/lamassuiot/lamassuiot/pkg/ca/server/api/transport/http.go:349.106,357.16 6 1
github.com/lamassuiot/lamassuiot/pkg/ca/server/api/transport/http.go:361.2,363.16 2 1
github.com/lamassuiot/lamassuiot/pkg/ca/server/api/transport/http.go:367.2,368.22 2 1
github.com/lamassuiot/lamassuiot/pkg/ca/server/api/transport/http.go:371.2,372.16 2 1
github.com/lamassuiot/lamassuiot/pkg/ca/server/api/transport/http.go:376.2,382.8 1 1
github.com/lamassuiot/lamassuiot/pkg/ca/server/api/transport/http.go:357.16,359.3 1 1
github.com/lamassuiot/lamassuiot/pkg/ca/server/api/transport/http.go:363.16,365.3 1 1
github.com/lamassuiot/lamassuiot/pkg/ca/server/api/transport/http.go:368.22,370.3 1 0
github.com/lamassuiot/lamassuiot/pkg/ca/server/api/transport/http.go:372.16,374.3 1 0
github.com/lamassuiot/lamassuiot/pkg/ca/server/api/transport/http.go:385.108,394.16 7 1
github.com/lamassuiot/lamassuiot/pkg/ca/server/api/transport/http.go:398.2,403.8 1 1
github.com/lamassuiot/lamassuiot/pkg/ca/server/api/transport/http.go:394.16,396.3 1 0
github.com/lamassuiot/lamassuiot/pkg/ca/server/api/transport/http.go:406.99,407.57 1 0
github.com/lamassuiot/lamassuiot/pkg/ca/server/api/transport/http.go:411.2,412.44 2 0
github.com/lamassuiot/lamassuiot/pkg/ca/server/api/transport/http.go:407.57,410.3 2 0
github.com/lamassuiot/lamassuiot/pkg/ca/server/api/transport/http.go:415.98,416.57 1 1
github.com/lamassuiot/lamassuiot/pkg/ca/server/api/transport/http.go:421.2,425.54 4 1
github.com/lamassuiot/lamassuiot/pkg/ca/server/api/transport/http.go:416.57,419.3 2 0
github.com/lamassuiot/lamassuiot/pkg/ca/server/api/transport/http.go:428.99,429.57 1 1
github.com/lamassuiot/lamassuiot/pkg/ca/server/api/transport/http.go:434.2,438.54 4 1
github.com/lamassuiot/lamassuiot/pkg/ca/server/api/transport/http.go:429.57,432.3 2 0
github.com/lamassuiot/lamassuiot/pkg/ca/server/api/transport/http.go:441.104,442.57 1 1
github.com/lamassuiot/lamassuiot/pkg/ca/server/api/transport/http.go:447.2,451.54 4 1
github.com/lamassuiot/lamassuiot/pkg/ca/server/api/transport/http.go:442.57,445.3 2 0
github.com/lamassuiot/lamassuiot/pkg/ca/server/api/transport/http.go:454.101,455.57 1 1
github.com/lamassuiot/lamassuiot/pkg/ca/server/api/transport/http.go:460.2,464.54 4 1
github.com/lamassuiot/lamassuiot/pkg/ca/server/api/transport/http.go:455.57,458.3 2 0
github.com/lamassuiot/lamassuiot/pkg/ca/server/api/transport/http.go:467.101,468.57 1 1
github.com/lamassuiot/lamassuiot/pkg/ca/server/api/transport/http.go:473.2,477.54 4 1
github.com/lamassuiot/lamassuiot/pkg/ca/server/api/transport/http.go:468.57,471.3 2 0
github.com/lamassuiot/lamassuiot/pkg/ca/server/api/transport/http.go:480.108,481.57 1 1
github.com/lamassuiot/lamassuiot/pkg/ca/server/api/transport/http.go:486.2,490.54 4 1
github.com/lamassuiot/lamassuiot/pkg/ca/server/api/transport/http.go:481.57,484.3 2 0
github.com/lamassuiot/lamassuiot/pkg/ca/server/api/transport/http.go:493.108,494.57 1 1
github.com/lamassuiot/lamassuiot/pkg/ca/server/api/transport/http.go:499.2,503.54 4 1
github.com/lamassuiot/lamassuiot/pkg/ca/server/api/transport/http.go:494.57,497.3 2 0
github.com/lamassuiot/lamassuiot/pkg/ca/server/api/transport/http.go:506.121,507.57 1 1
github.com/lamassuiot/lamassuiot/pkg/ca/server/api/transport/http.go:512.2,516.54 4 1
github.com/lamassuiot/lamassuiot/pkg/ca/server/api/transport/http.go:507.57,510.3 2 0
github.com/lamassuiot/lamassuiot/pkg/ca/server/api/transport/http.go:519.110,520.57 1 1
github.com/lamassuiot/lamassuiot/pkg/ca/server/api/transport/http.go:525.2,529.54 4 1
github.com/lamassuiot/lamassuiot/pkg/ca/server/api/transport/http.go:520.57,523.3 2 0
github.com/lamassuiot/lamassuiot/pkg/ca/server/api/transport/http.go:532.73,533.16 1 1
github.com/lamassuiot/lamassuiot/pkg/ca/server/api/transport/http.go:537.2,538.61 2 1
github.com/lamassuiot/lamassuiot/pkg/ca/server/api/transport/http.go:533.16,535.3 1 0
github.com/lamassuiot/lamassuiot/pkg/ca/server/api/transport/http.go:545.30,546.25 1 1
github.com/lamassuiot/lamassuiot/pkg/ca/server/api/transport/http.go:547.38,548.31 1 1
github.com/lamassuiot/lamassuiot/pkg/ca/server/api/transport/http.go:549.45,550.29 1 1
github.com/lamassuiot/lamassuiot/pkg/ca/server/api/transport/http.go:551.44,552.29 1 1
github.com/lamassuiot/lamassuiot/pkg/ca/server/api/transport/http.go:553.35,554.22 1 1
github.com/lamassuiot/lamassuiot/pkg/ca/server/api/transport/http.go:555.10,556.20 1 1
github.com/lamassuiot/lamassuiot/pkg/ca/server/api/transport/http.go:557.40,558.30 1 0
github.com/lamassuiot/lamassuiot/pkg/ca/server/api/transport/http.go:559.51,560.32 1 0
github.com/lamassuiot/lamassuiot/pkg/ca/server/api/transport/http.go:561.45,562.32 1 1
github.com/lamassuiot/lamassuiot/pkg/ca/server/api/transport/http.go:563.11,564.41 1 0
github.com/lamassuiot/lamassuiot/pkg/ca/server/api/repository/postgres/db.go:35.42,37.2 1 1
github.com/lamassuiot/lamassuiot/pkg/ca/server/api/repository/postgres/db.go:44.78,46.16 2 1
github.com/lamassuiot/lamassuiot/pkg/ca/server/api/repository/postgres/db.go:50.2,52.16 3 1
github.com/lamassuiot/lamassuiot/pkg/ca/server/api/repository/postgres/db.go:56.2,60.35 2 1
github.com/lamassuiot/lamassuiot/pkg/ca/server/api/repository/postgres/db.go:63.2,63.40 1 1
github.com/lamassuiot/lamassuiot/pkg/ca/server/api/repository/postgres/db.go:66.2,66.46 1 1
github.com/lamassuiot/lamassuiot/pkg/ca/server/api/repository/postgres/db.go:69.2,69.36 1 1
github.com/lamassuiot/lamassuiot/pkg/ca/server/api/repository/postgres/db.go:72.2,72.36 1 1
github.com/lamassuiot/lamassuiot/pkg/ca/server/api/repository/postgres/db.go:76.2,90.26 2 1
github.com/lamassuiot/lamassuiot/pkg/ca/server/api/repository/postgres/db.go:94.2,94.25 1 1
github.com/lamassuiot/lamassuiot/pkg/ca/server/api/repository/postgres/db.go:46.16,48.3 1 0
github.com/lamassuiot/lamassuiot/pkg/ca/server/api/repository/postgres/db.go:52.16,54.3 1 0
github.com/lamassuiot/lamassuiot/pkg/ca/server/api/repository/postgres/db.go:60.35,62.3 1 1
github.com/lamassuiot/lamassuiot/pkg/ca/server/api/repository/postgres/db.go:63.40,65.3 1 1
github.com/lamassuiot/lamassuiot/pkg/ca/server/api/repository/postgres/db.go:66.46,68.3 1 1
github.com/lamassuiot/lamassuiot/pkg/ca/server/api/repository/postgres/db.go:69.36,71.3 1 1
github.com/lamassuiot/lamassuiot/pkg/ca/server/api/repository/postgres/db.go:72.36,74.3 1 1
github.com/lamassuiot/lamassuiot/pkg/ca/server/api/repository/postgres/db.go:90.26,92.3 1 1
github.com/lamassuiot/lamassuiot/pkg/ca/server/api/repository/postgres/db.go:98.51,100.2 1 1
github.com/lamassuiot/lamassuiot/pkg/ca/server/api/repository/postgres/db.go:102.67,104.16 2 1
github.com/lamassuiot/lamassuiot/pkg/ca/server/api/repository/postgres/db.go:108.2,110.16 3 1
github.com/lamassuiot/lamassuiot/pkg/ca/server/api/repository/postgres/db.go:114.2,118.35 2 1
github.com/lamassuiot/lamassuiot/pkg/ca/server/api/repository/postgres/db.go:121.2,121.40 1 1
github.com/lamassuiot/lamassuiot/pkg/ca/server/api/repository/postgres/db.go:124.2,124.46 1 1
github.com/lamassuiot/lamassuiot/pkg/ca/server/api/repository/postgres/db.go:127.2,127.36 1 1
github.com/lamassuiot/lamassuiot/pkg/ca/server/api/repository/postgres/db.go:130.2,130.36 1 1
github.com/lamassuiot/lamassuiot/pkg/ca/server/api/repository/postgres/db.go:134.2,145.26 2 1
github.com/lamassuiot/lamassuiot/pkg/ca/server/api/repository/postgres/db.go:149.2,149.25 1 1
github.com/lamassuiot/lamassuiot/pkg/ca/server/api/repository/postgres/db.go:104.16,106.3 1 0
github.com/lamassuiot/lamassuiot/pkg/ca/server/api/repository/postgres/db.go:110.16,112.3 1 0
github.com/lamassuiot/lamassuiot/pkg/ca/server/api/repository/postgres/db.go:118.35,120.3 1 0
github.com/lamassuiot/lamassuiot/pkg/ca/server/api/repository/postgres/db.go:121.40,123.3 1 0
github.com/lamassuiot/lamassuiot/pkg/ca/server/api/repository/postgres/db.go:124.46,126.3 1 0
github.com/lamassuiot/lamassuiot/pkg/ca/server/api/repository/postgres/db.go:127.36,129.3 1 0
github.com/lamassuiot/lamassuiot/pkg/ca/server/api/repository/postgres/db.go:130.36,132.3 1 0
github.com/lamassuiot/lamassuiot/pkg/ca/server/api/repository/postgres/db.go:145.26,147.3 1 1
github.com/lamassuiot/lamassuiot/pkg/ca/server/api/repository/postgres/db.go:163.76,168.2 3 1
github.com/lamassuiot/lamassuiot/pkg/ca/server/api/repository/postgres/db.go:175.191,178.118 2 1
github.com/lamassuiot/lamassuiot/pkg/ca/server/api/repository/postgres/db.go:187.2,188.33 2 1
github.com/lamassuiot/lamassuiot/pkg/ca/server/api/repository/postgres/db.go:196.2,198.12 2 1
github.com/lamassuiot/lamassuiot/pkg/ca/server/api/repository/postgres/db.go:178.118,185.3 3 0
github.com/lamassuiot/lamassuiot/pkg/ca/server/api/repository/postgres/db.go:188.33,194.3 2 1
github.com/lamassuiot/lamassuiot/pkg/ca/server/api/repository/postgres/db.go:201.139,215.21 5 1
github.com/lamassuiot/lamassuiot/pkg/ca/server/api/repository/postgres/db.go:223.2,223.12 1 1
github.com/lamassuiot/lamassuiot/pkg/ca/server/api/repository/postgres/db.go:215.21,221.3 2 0
github.com/lamassuiot/lamassuiot/pkg/ca/server/api/repository/postgres/db.go:226.179,228.127 2 1
github.com/lamassuiot/lamassuiot/pkg/ca/server/api/repository/postgres/db.go:233.2,236.53 4 1
github.com/lamassuiot/lamassuiot/pkg/ca/server/api/repository/postgres/db.go:241.2,242.33 2 1
github.com/lamassuiot/lamassuiot/pkg/ca/server/api/repository/postgres/db.go:251.2,251.47 1 1
github.com/lamassuiot/lamassuiot/pkg/ca/server/api/repository/postgres/db.go:228.127,231.3 2 0
github.com/lamassuiot/lamassuiot/pkg/ca/server/api/repository/postgres/db.go:236.53,239.3 2 0
github.com/lamassuiot/lamassuiot/pkg/ca/server/api/repository/postgres/db.go:242.33,244.17 2 1
github.com/lamassuiot/lamassuiot/pkg/ca/server/api/repository/postgres/db.go:248.3,248.63 1 1
github.com/lamassuiot/lamassuiot/pkg/ca/server/api/repository/postgres/db.go:244.17,246.12 2 0
github.com/lamassuiot/lamassuiot/pkg/ca/server/api/repository/postgres/db.go:254.162,256.164 2 1
github.com/lamassuiot/lamassuiot/pkg/ca/server/api/repository/postgres/db.go:265.2,265.29 1 1
github.com/lamassuiot/lamassuiot/pkg/ca/server/api/repository/postgres/db.go:256.164,263.3 3 1
github.com/lamassuiot/lamassuiot/pkg/ca/server/api/repository/postgres/db.go:268.160,272.27 3 1
github.com/lamassuiot/lamassuiot/pkg/ca/server/api/repository/postgres/db.go:281.2,282.33 2 1
github.com/lamassuiot/lamassuiot/pkg/ca/server/api/repository/postgres/db.go:290.2,292.12 2 1
github.com/lamassuiot/lamassuiot/pkg/ca/server/api/repository/postgres/db.go:272.27,279.3 3 0
github.com/lamassuiot/lamassuiot/pkg/ca/server/api/repository/postgres/db.go:282.33,288.3 2 1
github.com/lamassuiot/lamassuiot/pkg/ca/server/api/repository/postgres/db.go:295.147,311.21 5 1
github.com/lamassuiot/lamassuiot/pkg/ca/server/api/repository/postgres/db.go:319.2,319.12 1 1
github.com/lamassuiot/lamassuiot/pkg/ca/server/api/repository/postgres/db.go:311.21,317.3 2 0
github.com/lamassuiot/lamassuiot/pkg/ca/server/api/repository/postgres/db.go:322.126,324.130 2 1
github.com/lamassuiot/lamassuiot/pkg/ca/server/api/repository/postgres/db.go:333.2,333.27 1 1
github.com/lamassuiot/lamassuiot/pkg/ca/server/api/repository/postgres/db.go:324.130,331.3 3 1
github.com/lamassuiot/lamassuiot/pkg/ca/server/api/repository/postgres/db.go:336.153,339.26 3 1
github.com/lamassuiot/lamassuiot/pkg/ca/server/api/repository/postgres/db.go:344.2,349.26 5 1
github.com/lamassuiot/lamassuiot/pkg/ca/server/api/repository/postgres/db.go:354.2,355.24 2 1
github.com/lamassuiot/lamassuiot/pkg/ca/server/api/repository/postgres/db.go:365.2,365.34 1 1
github.com/lamassuiot/lamassuiot/pkg/ca/server/api/repository/postgres/db.go:339.26,342.3 2 0
github.com/lamassuiot/lamassuiot/pkg/ca/server/api/repository/postgres/db.go:349.26,352.3 1 1
github.com/lamassuiot/lamassuiot/pkg/ca/server/api/repository/postgres/db.go:355.24,357.17 2 1
github.com/lamassuiot/lamassuiot/pkg/ca/server/api/repository/postgres/db.go:362.3,362.30 1 1
github.com/lamassuiot/lamassuiot/pkg/ca/server/api/repository/postgres/db.go:357.17,359.12 2 0
github.com/lamassuiot/lamassuiot/pkg/utils/base64.go:12.48,16.2 3 1
github.com/lamassuiot/lamassuiot/pkg/utils/base64.go:23.35,27.2 3 0
github.com/lamassuiot/lamassuiot/pkg/utils/base64.go:31.41,36.21 3 0
github.com/lamassuiot/lamassuiot/pkg/utils/base64.go:41.2,44.6 2 0
github.com/lamassuiot/lamassuiot/pkg/utils/base64.go:57.2,57.20 1 0
github.com/lamassuiot/lamassuiot/pkg/utils/base64.go:36.21,38.3 1 0
github.com/lamassuiot/lamassuiot/pkg/utils/base64.go:44.6,46.19 2 0
github.com/lamassuiot/lamassuiot/pkg/utils/base64.go:52.3,54.18 3 0
github.com/lamassuiot/lamassuiot/pkg/utils/base64.go:46.19,47.9 1 0
github.com/lamassuiot/lamassuiot/pkg/utils/base64.go:48.9,48.25 1 0
github.com/lamassuiot/lamassuiot/pkg/utils/base64.go:48.25,50.4 1 0
github.com/lamassuiot/lamassuiot/pkg/utils/common/types/dates.go:18.51,20.11 2 0
github.com/lamassuiot/lamassuiot/pkg/utils/common/types/dates.go:21.16,22.16 1 0
github.com/lamassuiot/lamassuiot/pkg/utils/common/types/dates.go:23.15,24.15 1 0
github.com/lamassuiot/lamassuiot/pkg/utils/common/types/dates.go:25.12,26.12 1 0
github.com/lamassuiot/lamassuiot/pkg/utils/common/types/dates.go:27.15,28.15 1 0
github.com/lamassuiot/lamassuiot/pkg/utils/common/types/dates.go:29.10,30.16 1 0
github.com/lamassuiot/lamassuiot/pkg/utils/common/types/dates.go:34.56,35.20 1 0
github.com/lamassuiot/lamassuiot/pkg/utils/common/types/dates.go:36.13,37.17 1 0
github.com/lamassuiot/lamassuiot/pkg/utils/common/types/dates.go:38.14,39.18 1 0
github.com/lamassuiot/lamassuiot/pkg/utils/common/types/dates.go:40.10,41.14 1 0
github.com/lamassuiot/lamassuiot/pkg/utils/common/types/dates.go:42.13,43.17 1 0
github.com/lamassuiot/lamassuiot/pkg/utils/common/types/dates.go:44.10,45.12 1 0
github.com/lamassuiot/lamassuiot/pkg/utils/common/types/dates.go:55.43,57.20 2 0
github.com/lamassuiot/lamassuiot/pkg/utils/common/types/dates.go:58.10,59.62 1 0
github.com/lamassuiot/lamassuiot/pkg/utils/common/types/dates.go:60.13,61.63 1 0
github.com/lamassuiot/lamassuiot/pkg/utils/common/types/dates.go:62.14,63.62 1 0
github.com/lamassuiot/lamassuiot/pkg/utils/common/types/dates.go:64.13,65.62 1 0
github.com/lamassuiot/lamassuiot/pkg/utils/common/types/dates.go:66.10,67.12 1 0
github.com/lamassuiot/lamassuiot/pkg/utils/common/types/dates.go:71.49,73.2 1 0
github.com/lamassuiot/lamassuiot/pkg/utils/common/types/dates.go:75.45,77.2 1 0
github.com/lamassuiot/lamassuiot/pkg/utils/common/types/strings.go:14.56,16.11 2 0
github.com/lamassuiot/lamassuiot/pkg/utils/common/types/strings.go:17.16,18.16 1 0
github.com/lamassuiot/lamassuiot/pkg/utils/common/types/strings.go:19.19,20.19 1 0
github.com/lamassuiot/lamassuiot/pkg/utils/common/types/strings.go:21.18,22.18 1 0
github.com/lamassuiot/lamassuiot/pkg/utils/common/types/strings.go:23.21,24.21 1 0
github.com/lamassuiot/lamassuiot/pkg/utils/common/types/strings.go:25.10,26.18 1 0
github.com/lamassuiot/lamassuiot/pkg/utils/common/types/strings.go:36.44,37.20 1 0
github.com/lamassuiot/lamassuiot/pkg/utils/common/types/strings.go:38.14,39.53 1 0
github.com/lamassuiot/lamassuiot/pkg/utils/common/types/strings.go:40.16,41.58 1 0
github.com/lamassuiot/lamassuiot/pkg/utils/common/types/strings.go:42.17,43.54 1 0
github.com/lamassuiot/lamassuiot/pkg/utils/common/types/strings.go:44.19,45.62 1 0
github.com/lamassuiot/lamassuiot/pkg/utils/common/types/strings.go:46.10,47.12 1 0
github.com/lamassuiot/lamassuiot/pkg/utils/common/types/strings.go:51.57,52.20 1 0
github.com/lamassuiot/lamassuiot/pkg/utils/common/types/strings.go:53.14,54.18 1 0
github.com/lamassuiot/lamassuiot/pkg/utils/common/types/strings.go:55.17,56.21 1 0
github.com/lamassuiot/lamassuiot/pkg/utils/common/types/strings.go:57.19,58.23 1 0
github.com/lamassuiot/lamassuiot/pkg/utils/common/types/strings.go:59.16,60.20 1 0
github.com/lamassuiot/lamassuiot/pkg/utils/common/types/strings.go:61.10,62.12 1 0
github.com/lamassuiot/lamassuiot/pkg/utils/common/types/strings.go:66.50,68.2 1 0
github.com/lamassuiot/lamassuiot/pkg/utils/common/types/strings.go:70.46,72.2 1 0
github.com/lamassuiot/lamassuiot/pkg/ca/common/api/http_serializer.go:22.49,32.2 2 1
github.com/lamassuiot/lamassuiot/pkg/ca/common/api/http_serializer.go:34.51,44.2 2 0
github.com/lamassuiot/lamassuiot/pkg/ca/common/api/http_serializer.go:52.73,59.2 2 1
github.com/lamassuiot/lamassuiot/pkg/ca/common/api/http_serializer.go:61.75,68.2 2 0
github.com/lamassuiot/lamassuiot/pkg/ca/common/api/http_serializer.go:83.57,85.26 2 1
github.com/lamassuiot/lamassuiot/pkg/ca/common/api/http_serializer.go:92.2,104.33 2 1
github.com/lamassuiot/lamassuiot/pkg/ca/common/api/http_serializer.go:108.2,108.19 1 1
github.com/lamassuiot/lamassuiot/pkg/ca/common/api/http_serializer.go:85.26,90.3 4 1
github.com/lamassuiot/lamassuiot/pkg/ca/common/api/http_serializer.go:104.33,106.3 1 1
github.com/lamassuiot/lamassuiot/pkg/ca/common/api/http_serializer.go:111.59,115.16 3 0
github.com/lamassuiot/lamassuiot/pkg/ca/common/api/http_serializer.go:122.2,134.31 2 0
github.com/lamassuiot/lamassuiot/pkg/ca/common/api/http_serializer.go:146.2,146.19 1 0
github.com/lamassuiot/lamassuiot/pkg/ca/common/api/http_serializer.go:115.16,117.23 2 0
github.com/lamassuiot/lamassuiot/pkg/ca/common/api/http_serializer.go:117.23,119.4 1 0
github.com/lamassuiot/lamassuiot/pkg/ca/common/api/http_serializer.go:134.31,140.3 2 0
github.com/lamassuiot/lamassuiot/pkg/ca/common/api/http_serializer.go:140.8,144.3 1 0
github.com/lamassuiot/lamassuiot/pkg/ca/common/api/http_serializer.go:154.61,160.2 2 1
github.com/lamassuiot/lamassuiot/pkg/ca/common/api/http_serializer.go:162.63,168.2 2 0
github.com/lamassuiot/lamassuiot/pkg/ca/common/api/http_serializer.go:177.63,184.2 2 1
github.com/lamassuiot/lamassuiot/pkg/ca/common/api/http_serializer.go:186.65,193.2 2 0
github.com/lamassuiot/lamassuiot/pkg/ca/common/api/http_serializer.go:201.63,206.2 2 1
github.com/lamassuiot/lamassuiot/pkg/ca/common/api/http_serializer.go:208.65,213.2 2 0
github.com/lamassuiot/lamassuiot/pkg/ca/common/api/http_serializer.go:222.59,224.27 2 1
github.com/lamassuiot/lamassuiot/pkg/ca/common/api/http_serializer.go:227.2,231.19 2 1
github.com/lamassuiot/lamassuiot/pkg/ca/common/api/http_serializer.go:224.27,226.3 1 1
github.com/lamassuiot/lamassuiot/pkg/ca/common/api/http_serializer.go:234.61,236.27 2 0
github.com/lamassuiot/lamassuiot/pkg/ca/common/api/http_serializer.go:239.2,243.19 2 0
github.com/lamassuiot/lamassuiot/pkg/ca/common/api/http_serializer.go:236.27,238.3 1 0
github.com/lamassuiot/lamassuiot/pkg/ca/common/api/http_serializer.go:251.69,255.2 1 1
github.com/lamassuiot/lamassuiot/pkg/ca/common/api/http_serializer.go:257.71,261.2 1 0
github.com/lamassuiot/lamassuiot/pkg/ca/common/api/http_serializer.go:268.63,272.2 1 1
github.com/lamassuiot/lamassuiot/pkg/ca/common/api/http_serializer.go:274.65,278.2 1 0
github.com/lamassuiot/lamassuiot/pkg/ca/common/api/http_serializer.go:286.91,288.26 2 1
github.com/lamassuiot/lamassuiot/pkg/ca/common/api/http_serializer.go:295.2,296.28 2 1
github.com/lamassuiot/lamassuiot/pkg/ca/common/api/http_serializer.go:303.2,306.3 1 1
github.com/lamassuiot/lamassuiot/pkg/ca/common/api/http_serializer.go:288.26,293.3 4 1
github.com/lamassuiot/lamassuiot/pkg/ca/common/api/http_serializer.go:296.28,301.3 4 1
github.com/lamassuiot/lamassuiot/pkg/ca/common/api/http_serializer.go:309.93,312.16 3 0
github.com/lamassuiot/lamassuiot/pkg/ca/common/api/http_serializer.go:319.2,321.16 3 0
github.com/lamassuiot/lamassuiot/pkg/ca/common/api/http_serializer.go:328.2,331.3 1 0
github.com/lamassuiot/lamassuiot/pkg/ca/common/api/http_serializer.go:312.16,314.23 2 0
github.com/lamassuiot/lamassuiot/pkg/ca/common/api/http_serializer.go:314.23,316.4 1 0
github.com/lamassuiot/lamassuiot/pkg/ca/common/api/http_serializer.go:321.16,323.25 2 0
github.com/lamassuiot/lamassuiot/pkg/ca/common/api/http_serializer.go:323.25,325.4 1 0
github.com/lamassuiot/lamassuiot/pkg/ca/common/api/http_serializer.go:339.81,343.2 1 1
github.com/lamassuiot/lamassuiot/pkg/ca/common/api/http_serializer.go:345.83,349.2 1 0
github.com/lamassuiot/lamassuiot/pkg/ca/common/api/http_serializer.go:356.103,360.2 1 1
github.com/lamassuiot/lamassuiot/pkg/ca/common/api/http_serializer.go:362.105,366.2 1 0
github.com/lamassuiot/lamassuiot/pkg/ca/common/api/http_serializer.go:374.77,376.36 2 1
github.com/lamassuiot/lamassuiot/pkg/ca/common/api/http_serializer.go:379.2,383.19 2 1
github.com/lamassuiot/lamassuiot/pkg/ca/common/api/http_serializer.go:376.36,378.3 1 1
github.com/lamassuiot/lamassuiot/pkg/ca/common/api/http_serializer.go:386.79,388.36 2 0
github.com/lamassuiot/lamassuiot/pkg/ca/common/api/http_serializer.go:391.2,395.19 2 0
github.com/lamassuiot/lamassuiot/pkg/ca/common/api/http_serializer.go:388.36,390.3 1 0
github.com/lamassuiot/lamassuiot/pkg/ca/server/api/service/instrumenting_middleware.go:18.96,19.36 1 0
github.com/lamassuiot/lamassuiot/pkg/ca/server/api/service/instrumenting_middleware.go:19.36,25.3 1 0
github.com/lamassuiot/lamassuiot/pkg/ca/server/api/service/instrumenting_middleware.go:28.50,29.30 1 0
github.com/lamassuiot/lamassuiot/pkg/ca/server/api/service/instrumenting_middleware.go:35.2,35.25 1 0
github.com/lamassuiot/lamassuiot/pkg/ca/server/api/service/instrumenting_middleware.go:29.30,33.3 3 0
github.com/lamassuiot/lamassuiot/pkg/ca/server/api/service/instrumenting_middleware.go:38.83,39.30 1 0
github.com/lamassuiot/lamassuiot/pkg/ca/server/api/service/instrumenting_middleware.go:45.2,45.40 1 0
github.com/lamassuiot/lamassuiot/pkg/ca/server/api/service/instrumenting_middleware.go:39.30,43.3 3 0
github.com/lamassuiot/lamassuiot/pkg/ca/server/api/service/instrumenting_middleware.go:48.129,49.30 1 0
github.com/lamassuiot/lamassuiot/pkg/ca/server/api/service/instrumenting_middleware.go:55.2,55.34 1 0
github.com/lamassuiot/lamassuiot/pkg/ca/server/api/service/instrumenting_middleware.go:49.30,53.3 3 0
github.com/lamassuiot/lamassuiot/pkg/ca/server/api/service/instrumenting_middleware.go:58.132,59.30 1 0
github.com/lamassuiot/lamassuiot/pkg/ca/server/api/service/instrumenting_middleware.go:65.2,65.37 1 0
github.com/lamassuiot/lamassuiot/pkg/ca/server/api/service/instrumenting_middleware.go:59.30,63.3 3 0
github.com/lamassuiot/lamassuiot/pkg/ca/server/api/service/instrumenting_middleware.go:68.126,69.30 1 0
github.com/lamassuiot/lamassuiot/pkg/ca/server/api/service/instrumenting_middleware.go:75.2,75.35 1 0
github.com/lamassuiot/lamassuiot/pkg/ca/server/api/service/instrumenting_middleware.go:69.30,73.3 3 0
github.com/lamassuiot/lamassuiot/pkg/ca/server/api/service/instrumenting_middleware.go:78.141,79.30 1 0
github.com/lamassuiot/lamassuiot/pkg/ca/server/api/service/instrumenting_middleware.go:85.2,85.40 1 0
github.com/lamassuiot/lamassuiot/pkg/ca/server/api/service/instrumenting_middleware.go:79.30,83.3 3 0
github.com/lamassuiot/lamassuiot/pkg/ca/server/api/service/instrumenting_middleware.go:88.132,89.30 1 0
github.com/lamassuiot/lamassuiot/pkg/ca/server/api/service/instrumenting_middleware.go:95.2,95.37 1 0
github.com/lamassuiot/lamassuiot/pkg/ca/server/api/service/instrumenting_middleware.go:89.30,93.3 3 0
github.com/lamassuiot/lamassuiot/pkg/ca/server/api/service/instrumenting_middleware.go:98.150,99.30 1 0
github.com/lamassuiot/lamassuiot/pkg/ca/server/api/service/instrumenting_middleware.go:105.2,105.43 1 0
github.com/lamassuiot/lamassuiot/pkg/ca/server/api/service/instrumenting_middleware.go:99.30,103.3 3 0
github.com/lamassuiot/lamassuiot/pkg/ca/server/api/service/instrumenting_middleware.go:108.177,109.30 1 0
github.com/lamassuiot/lamassuiot/pkg/ca/server/api/service/instrumenting_middleware.go:115.2,115.52 1 0
github.com/lamassuiot/lamassuiot/pkg/ca/server/api/service/instrumenting_middleware.go:109.30,113.3 3 0
github.com/lamassuiot/lamassuiot/pkg/ca/server/api/service/instrumenting_middleware.go:118.174,119.30 1 0
github.com/lamassuiot/lamassuiot/pkg/ca/server/api/service/instrumenting_middleware.go:125.2,125.51 1 0
github.com/lamassuiot/lamassuiot/pkg/ca/server/api/service/instrumenting_middleware.go:119.30,123.3 3 0
github.com/lamassuiot/lamassuiot/pkg/ca/server/api/service/instrumenting_middleware.go:128.177,129.30 1 0
github.com/lamassuiot/lamassuiot/pkg/ca/server/api/service/instrumenting_middleware.go:135.2,135.52 1 0
github.com/lamassuiot/lamassuiot/pkg/ca/server/api/service/instrumenting_middleware.go:129.30,133.3 3 0
github.com/lamassuiot/lamassuiot/pkg/ca/server/api/service/instrumenting_middleware.go:138.159,139.30 1 0
github.com/lamassuiot/lamassuiot/pkg/ca/server/api/service/instrumenting_middleware.go:145.2,145.46 1 0
github.com/lamassuiot/lamassuiot/pkg/ca/server/api/service/instrumenting_middleware.go:139.30,143.3 3 0
github.com/lamassuiot/lamassuiot/pkg/ca/server/api/service/instrumenting_middleware.go:148.192,149.30 1 0
github.com/lamassuiot/lamassuiot/pkg/ca/server/api/service/instrumenting_middleware.go:155.2,155.57 1 0
github.com/lamassuiot/lamassuiot/pkg/ca/server/api/service/instrumenting_middleware.go:149.30,153.3 3 0
github.com/lamassuiot/lamassuiot/pkg/ca/server/api/service/instrumenting_middleware.go:158.153,159.30 1 0
github.com/lamassuiot/lamassuiot/pkg/ca/server/api/service/instrumenting_middleware.go:165.2,165.44 1 0
github.com/lamassuiot/lamassuiot/pkg/ca/server/api/service/instrumenting_middleware.go:159.30,163.3 3 0
github.com/lamassuiot/lamassuiot/pkg/ca/server/api/service/instrumenting_middleware.go:168.204,169.30 1 0
github.com/lamassuiot/lamassuiot/pkg/ca/server/api/service/instrumenting_middleware.go:175.2,175.61 1 0
github.com/lamassuiot/lamassuiot/pkg/ca/server/api/service/instrumenting_middleware.go:169.30,173.3 3 0
github.com/lamassuiot/lamassuiot/pkg/utils/common/types/enums.go:14.51,16.11 2 0
github.com/lamassuiot/lamassuiot/pkg/utils/common/types/enums.go:17.12,18.12 1 0
github.com/lamassuiot/lamassuiot/pkg/utils/common/types/enums.go:19.15,20.15 1 0
github.com/lamassuiot/lamassuiot/pkg/utils/common/types/enums.go:21.10,22.12 1 0
github.com/lamassuiot/lamassuiot/pkg/utils/common/types/enums.go:32.42,33.20 1 0
github.com/lamassuiot/lamassuiot/pkg/utils/common/types/enums.go:34.10,35.73 1 0
github.com/lamassuiot/lamassuiot/pkg/utils/common/types/enums.go:36.13,37.77 1 0
github.com/lamassuiot/lamassuiot/pkg/utils/common/types/enums.go:38.10,39.12 1 0
github.com/lamassuiot/lamassuiot/pkg/utils/common/types/enums.go:43.55,44.20 1 0
github.com/lamassuiot/lamassuiot/pkg/utils/common/types/enums.go:45.10,46.14 1 0
github.com/lamassuiot/lamassuiot/pkg/utils/common/types/enums.go:47.13,48.17 1 0
github.com/lamassuiot/lamassuiot/pkg/utils/common/types/enums.go:49.10,50.12 1 0
github.com/lamassuiot/lamassuiot/pkg/utils/common/types/enums.go:54.48,56.2 1 0
github.com/lamassuiot/lamassuiot/pkg/utils/common/types/enums.go:58.44,60.2 1 0
github.com/lamassuiot/lamassuiot/pkg/utils/common/filters.go:17.39,18.11 1 0
github.com/lamassuiot/lamassuiot/pkg/utils/common/filters.go:24.2,24.20 1 0
github.com/lamassuiot/lamassuiot/pkg/utils/common/filters.go:19.13,20.21 1 0
github.com/lamassuiot/lamassuiot/pkg/utils/common/filters.go:21.14,22.22 1 0
github.com/lamassuiot/lamassuiot/pkg/ca/common/api/api.go:42.35,43.11 1 1
github.com/lamassuiot/lamassuiot/pkg/ca/common/api/api.go:50.2,50.18 1 0
github.com/lamassuiot/lamassuiot/pkg/ca/common/api/api.go:44.13,45.19 1 1
github.com/lamassuiot/lamassuiot/pkg/ca/common/api/api.go:46.22,47.27 1 0
github.com/lamassuiot/lamassuiot/pkg/ca/common/api/api.go:61.45,62.11 1 0
github.com/lamassuiot/lamassuiot/pkg/ca/common/api/api.go:63.14,64.25 1 0
github.com/lamassuiot/lamassuiot/pkg/ca/common/api/api.go:65.16,66.27 1 0
github.com/lamassuiot/lamassuiot/pkg/ca/common/api/api.go:67.13,68.24 1 0
github.com/lamassuiot/lamassuiot/pkg/ca/common/api/api.go:70.10,71.24 1 0
github.com/lamassuiot/lamassuiot/pkg/ca/common/api/api.go:82.37,83.11 1 1
github.com/lamassuiot/lamassuiot/pkg/ca/common/api/api.go:90.2,90.14 1 1
github.com/lamassuiot/lamassuiot/pkg/ca/common/api/api.go:84.13,85.13 1 1
github.com/lamassuiot/lamassuiot/pkg/ca/common/api/api.go:86.15,87.12 1 0
github.com/lamassuiot/lamassuiot/pkg/ca/common/api/api.go:117.57,118.11 1 0
github.com/lamassuiot/lamassuiot/pkg/ca/common/api/api.go:119.16,120.22 1 0
github.com/lamassuiot/lamassuiot/pkg/ca/common/api/api.go:121.17,122.23 1 0
github.com/lamassuiot/lamassuiot/pkg/ca/common/api/api.go:123.17,124.23 1 0
github.com/lamassuiot/lamassuiot/pkg/ca/common/api/api.go:125.25,126.29 1 0
github.com/lamassuiot/lamassuiot/pkg/ca/common/api/api.go:127.10,128.22 1 0
github.com/lamassuiot/lamassuiot/pkg/ca/common/api/api.go:137.54,138.30 1 0
github.com/lamassuiot/lamassuiot/pkg/ca/common/api/api.go:139.23,147.30 3 0
github.com/lamassuiot/lamassuiot/pkg/ca/common/api/api.go:148.25,156.30 3 0
github.com/lamassuiot/lamassuiot/pkg/ca/common/api/api.go:157.10,158.46 1 0
github.com/lamassuiot/lamassuiot/pkg/ca/server/api/errors/errors.go:11.42,13.2 1 1
github.com/lamassuiot/lamassuiot/pkg/ca/server/api/errors/errors.go:20.49,22.2 1 1
github.com/lamassuiot/lamassuiot/pkg/ca/server/api/errors/errors.go:29.48,31.2 1 1
github.com/lamassuiot/lamassuiot/pkg/ca/server/api/errors/errors.go:38.39,40.2 1 1
github.com/lamassuiot/lamassuiot/pkg/ca/server/api/service/crypto-engines/gopem.go:27.99,49.2 3 1
github.com/lamassuiot/lamassuiot/pkg/ca/server/api/service/crypto-engines/gopem.go:51.71,53.2 1 0
github.com/lamassuiot/lamassuiot/pkg/ca/server/api/service/crypto-engines/gopem.go:84.85,86.16 2 1
github.com/lamassuiot/lamassuiot/pkg/ca/server/api/service/crypto-engines/gopem.go:90.2,91.18 2 1
github.com/lamassuiot/lamassuiot/pkg/ca/server/api/service/crypto-engines/gopem.go:95.2,96.16 2 1
github.com/lamassuiot/lamassuiot/pkg/ca/server/api/service/crypto-engines/gopem.go:100.2,100.18 1 1
github.com/lamassuiot/lamassuiot/pkg/ca/server/api/service/crypto-engines/gopem.go:86.16,88.3 1 0
github.com/lamassuiot/lamassuiot/pkg/ca/server/api/service/crypto-engines/gopem.go:91.18,93.3 1 0
github.com/lamassuiot/lamassuiot/pkg/ca/server/api/service/crypto-engines/gopem.go:96.16,98.3 1 0
github.com/lamassuiot/lamassuiot/pkg/ca/server/api/service/crypto-engines/gopem.go:103.100,105.19 2 1
github.com/lamassuiot/lamassuiot/pkg/ca/server/api/service/crypto-engines/gopem.go:113.2,114.16 2 1
github.com/lamassuiot/lamassuiot/pkg/ca/server/api/service/crypto-engines/gopem.go:119.2,122.16 2 1
github.com/lamassuiot/lamassuiot/pkg/ca/server/api/service/crypto-engines/gopem.go:126.2,126.17 1 1
github.com/lamassuiot/lamassuiot/pkg/ca/server/api/service/crypto-engines/gopem.go:105.19,108.17 3 1
github.com/lamassuiot/lamassuiot/pkg/ca/server/api/service/crypto-engines/gopem.go:108.17,110.4 1 0
github.com/lamassuiot/lamassuiot/pkg/ca/server/api/service/crypto-engines/gopem.go:114.16,117.3 2 0
github.com/lamassuiot/lamassuiot/pkg/ca/server/api/service/crypto-engines/gopem.go:122.16,124.3 1 0
github.com/lamassuiot/lamassuiot/pkg/ca/server/api/service/crypto-engines/gopem.go:129.111,131.2 1 0
github.com/lamassuiot/lamassuiot/pkg/ca/server/api/service/crypto-engines/gopem.go:151.60,153.2 1 1
