mode: atomic
github.com/lamassuiot/lamassuiot/v2/awsiotconnector/cmd/main.go:21.13,26.16 4 0
github.com/lamassuiot/lamassuiot/v2/awsiotconnector/cmd/main.go:26.16,28.3 1 0
github.com/lamassuiot/lamassuiot/v2/awsiotconnector/cmd/main.go:30.2,31.16 2 0
github.com/lamassuiot/lamassuiot/v2/awsiotconnector/cmd/main.go:31.16,34.3 2 0
github.com/lamassuiot/lamassuiot/v2/awsiotconnector/cmd/main.go:35.2,40.16 4 0
github.com/lamassuiot/lamassuiot/v2/awsiotconnector/cmd/main.go:40.16,42.3 1 0
github.com/lamassuiot/lamassuiot/v2/awsiotconnector/cmd/main.go:44.2,53.16 8 0
github.com/lamassuiot/lamassuiot/v2/awsiotconnector/cmd/main.go:53.16,55.3 1 0
github.com/lamassuiot/lamassuiot/v2/awsiotconnector/cmd/main.go:57.2,58.16 2 0
github.com/lamassuiot/lamassuiot/v2/awsiotconnector/cmd/main.go:58.16,60.3 1 0
github.com/lamassuiot/lamassuiot/v2/awsiotconnector/cmd/main.go:62.2,63.16 2 0
github.com/lamassuiot/lamassuiot/v2/awsiotconnector/cmd/main.go:63.16,65.3 1 0
github.com/lamassuiot/lamassuiot/v2/awsiotconnector/cmd/main.go:67.2,81.16 5 0
github.com/lamassuiot/lamassuiot/v2/awsiotconnector/cmd/main.go:81.16,83.3 1 0
github.com/lamassuiot/lamassuiot/v2/awsiotconnector/cmd/main.go:85.2,86.11 2 0
